00:00:06.756101 VirtualBox VM 7.1.4 r165100 win.amd64 (Oct 10 2024 18:57:17) release log
00:00:06.756103 Log opened 2026-02-13T22:33:40.655221900Z
00:00:06.756103 Build Type: release
00:00:06.756106 OS Product: Windows 11
00:00:06.756106 OS Release: 10.0.26100
00:00:06.756107 OS Service Pack: 
00:00:06.871779 DMI Product Name: NUC14RVK-B
00:00:06.876264 DMI Product Version: 90AR0062-M000C0
00:00:06.876276 Firmware type: UEFI
00:00:06.877241 Secure Boot: Enabled
00:00:06.877265 Host RAM: 15748MB (15.3GB) total, 3977MB (3.8GB) available
00:00:06.877268 Executable: C:\Program Files\Oracle\VirtualBox\VirtualBoxVM.exe
00:00:06.877269 Process ID: 20532
00:00:06.877269 Package type: WINDOWS_64BITS_GENERIC
00:00:06.877270 Windows Features:
00:00:06.877270   Core Isolation (Memory Integrity): ENABLED
00:00:06.878372 Installed Extension Packs:
00:00:06.878395   None installed!
00:00:06.879952 Console: Machine state changed to 'Starting'
00:00:06.880336 GUI: Qt version: 6.5.3
00:00:06.880350 GUI: HID LEDs sync is enabled
00:00:06.884487 GUI: UIMediumEnumerator: Medium-enumeration finished!
00:00:06.906303 GUI: Cannot notify guest about VM window out-of-focus event
00:00:07.197893 SUP: seg #0: R   0x00000000 LB 0x00001000
00:00:07.197909 SUP: seg #1: R X 0x00001000 LB 0x001f7000
00:00:07.197912 SUP: seg #2: R   0x001f8000 LB 0x00055000
00:00:07.197914 SUP: seg #3: RW  0x0024d000 LB 0x00013000
00:00:07.197916 SUP: seg #4: R   0x00260000 LB 0x00014000
00:00:07.197918 SUP: seg #5: RW  0x00274000 LB 0x00004000
00:00:07.197920 SUP: seg #6: R   0x00278000 LB 0x00009000
00:00:07.197922 SUP: seg #7: R X 0x00281000 LB 0x00002000
00:00:07.197924 SUP: seg #8: R   0x00283000 LB 0x00007000
00:00:07.200817 SUP: Loaded VMMR0.r0 (C:\Program Files\Oracle\VirtualBox/VMMR0.r0) at 0xXXXXXXXXXXXXXXXX - ModuleInit at XXXXXXXXXXXXXXXX and ModuleTerm at XXXXXXXXXXXXXXXX using the native ring-0 loader
00:00:07.200840 SUP: VMMR0EntryEx located at XXXXXXXXXXXXXXXX and VMMR0EntryFast at XXXXXXXXXXXXXXXX
00:00:07.200843 SUP: windbg> .reload /f C:\Program Files\Oracle\VirtualBox/VMMR0.r0=0xXXXXXXXXXXXXXXXX
00:00:07.203793 Guest architecture: x86
00:00:07.203827 Guest OS type: 'Oracle_64'
00:00:07.204440 fHMForced=true - No raw-mode support in this build!
00:00:07.204451 Using execution engine 1
00:00:07.207327 File system of 'Y:\Ubuntu.vdi' is ntfs
00:00:07.221545 Shared Clipboard: Initialized OLE
00:00:07.221624 Shared Clipboard: Service loaded
00:00:07.221654 Shared Clipboard: Mode: Off
00:00:07.221743 Shared Clipboard: Service running in normal mode
00:00:07.231036 Drag and drop service loaded
00:00:07.231046 Drag and drop mode: Off
00:00:07.231695 Audio: Detected default audio driver type is 'HostAudioWas'
00:00:07.235527 ************************* CFGM dump *************************
00:00:07.235528 [/] (level 0)
00:00:07.235529   CpuExecutionCap   <integer> = 0x0000000000000064 (100)
00:00:07.235531   EnablePAE         <integer> = 0x0000000000000001 (1)
00:00:07.235532   HMEnabled         <integer> = 0x0000000000000001 (1)
00:00:07.235532   MemBalloonSize    <integer> = 0x0000000000000000 (0, 0 B)
00:00:07.235538   Name              <string>  = "Complexivo" (cb=11)
00:00:07.235538   NumCPUs           <integer> = 0x0000000000000001 (1)
00:00:07.235539   PageFusionAllowed <integer> = 0x0000000000000000 (0)
00:00:07.235539   RamHoleSize       <integer> = 0x0000000020000000 (536 870 912, 512.0 MiB)
00:00:07.235540   RamSize           <integer> = 0x0000000080000000 (2 147 483 648, 2.0 GiB)
00:00:07.235540   TimerMillies      <integer> = 0x000000000000000a (10)
00:00:07.235541   UUID              <bytes>   = "1f bd fe 60 0e 97 a2 48 8a f7 8d 18 cf 80 51 c4" (cb=16)
00:00:07.235542 
00:00:07.235542 [/CPUM/] (level 1)
00:00:07.235543   Enable64bit        <integer> = 0x0000000000000001 (1)
00:00:07.235543   GuestCpuName       <string>  = "host" (cb=5)
00:00:07.235544   NestedHWVirt       <integer> = 0x0000000000000000 (0)
00:00:07.235544   PortableCpuIdLevel <integer> = 0x0000000000000000 (0)
00:00:07.235544   SpecCtrl           <integer> = 0x0000000000000000 (0)
00:00:07.235545 
00:00:07.235545 [/CPUM/IsaExts/] (level 2)
00:00:07.235545 
00:00:07.235545 [/DBGC/] (level 1)
00:00:07.235546   GlobalInitScript <string>  = "C:\Users\alumnos\.VirtualBox/dbgc-init" (cb=39)
00:00:07.235546   HistoryFile      <string>  = "C:\Users\alumnos\.VirtualBox/dbgc-history" (cb=42)
00:00:07.235547   LocalInitScript  <string>  = "Y:\Complexivo/dbgc-init" (cb=24)
00:00:07.235547 
00:00:07.235547 [/DBGF/] (level 1)
00:00:07.235547   Path <string>  = "Y:\Complexivo/debug/;Y:\Complexivo/;cache*Y:\Complexivo/dbgcache/;C:\Users\alumnos\" (cb=84)
00:00:07.235548 
00:00:07.235548 [/Devices/] (level 1)
00:00:07.235548 
00:00:07.235548 [/Devices/3c501/] (level 2)
00:00:07.235549 
00:00:07.235549 [/Devices/8237A/] (level 2)
00:00:07.235549 
00:00:07.235549 [/Devices/8237A/0/] (level 3)
00:00:07.235550   Trusted <integer> = 0x0000000000000001 (1)
00:00:07.235550 
00:00:07.235550 [/Devices/GIMDev/] (level 2)
00:00:07.235551 
00:00:07.235551 [/Devices/GIMDev/0/] (level 3)
00:00:07.235552   Trusted <integer> = 0x0000000000000001 (1)
00:00:07.235552 
00:00:07.235552 [/Devices/VMMDev/] (level 2)
00:00:07.235552 
00:00:07.235552 [/Devices/VMMDev/0/] (level 3)
00:00:07.235553   PCIBusNo      <integer> = 0x0000000000000000 (0)
00:00:07.235553   PCIDeviceNo   <integer> = 0x0000000000000004 (4)
00:00:07.235554   PCIFunctionNo <integer> = 0x0000000000000000 (0)
00:00:07.235554   Trusted       <integer> = 0x0000000000000001 (1)
00:00:07.235554 
00:00:07.235554 [/Devices/VMMDev/0/Config/] (level 4)
00:00:07.235555   GuestCoreDumpDir <string>  = "Y:\Complexivo\Snapshots" (cb=24)
00:00:07.235555 
00:00:07.235555 [/Devices/VMMDev/0/LUN#0/] (level 4)
00:00:07.235556   Driver <string>  = "HGCM" (cb=5)
00:00:07.235556 
00:00:07.235556 [/Devices/VMMDev/0/LUN#0/Config/] (level 5)
00:00:07.235557 
00:00:07.235557 [/Devices/VMMDev/0/LUN#999/] (level 4)
00:00:07.235557   Driver <string>  = "MainStatus" (cb=11)
00:00:07.235558 
00:00:07.235558 [/Devices/VMMDev/0/LUN#999/Config/] (level 5)
00:00:07.235559   First                <integer> = 0x0000000000000000 (0)
00:00:07.235559   HasMediumAttachments <integer> = 0x0000000000000000 (0)
00:00:07.235559   Last                 <integer> = 0x0000000000000000 (0)
00:00:07.235560   iLedSet              <integer> = 0x0000000000000006 (6)
00:00:07.235560 
00:00:07.235560 [/Devices/acpi/] (level 2)
00:00:07.235560 
00:00:07.235561 [/Devices/acpi/0/] (level 3)
00:00:07.235561   PCIBusNo      <integer> = 0x0000000000000000 (0)
00:00:07.235561   PCIDeviceNo   <integer> = 0x0000000000000007 (7)
00:00:07.235562   PCIFunctionNo <integer> = 0x0000000000000000 (0)
00:00:07.235562   Trusted       <integer> = 0x0000000000000001 (1)
00:00:07.235562 
00:00:07.235562 [/Devices/acpi/0/Config/] (level 4)
00:00:07.235563   CpuHotPlug          <integer> = 0x0000000000000000 (0)
00:00:07.235564   FdcEnabled          <integer> = 0x0000000000000000 (0)
00:00:07.235564   HostBusPciAddress   <integer> = 0x0000000000000000 (0)
00:00:07.235564   HpetEnabled         <integer> = 0x0000000000000000 (0)
00:00:07.235565   IOAPIC              <integer> = 0x0000000000000001 (1)
00:00:07.235565   IocPciAddress       <integer> = 0x0000000000010000 (65 536)
00:00:07.235565   NumCPUs             <integer> = 0x0000000000000001 (1)
00:00:07.235566   Parallel0IoPortBase <integer> = 0x0000000000000000 (0)
00:00:07.235566   Parallel0Irq        <integer> = 0x0000000000000000 (0)
00:00:07.235566   Parallel1IoPortBase <integer> = 0x0000000000000000 (0)
00:00:07.235567   Parallel1Irq        <integer> = 0x0000000000000000 (0)
00:00:07.235567   Serial0IoPortBase   <integer> = 0x0000000000000000 (0)
00:00:07.235567   Serial0Irq          <integer> = 0x0000000000000000 (0)
00:00:07.235568   Serial1IoPortBase   <integer> = 0x0000000000000000 (0)
00:00:07.235568   Serial1Irq          <integer> = 0x0000000000000000 (0)
00:00:07.235568   ShowCpu             <integer> = 0x0000000000000001 (1)
00:00:07.235568   ShowRtc             <integer> = 0x0000000000000000 (0)
00:00:07.235569   SmcEnabled          <integer> = 0x0000000000000000 (0)
00:00:07.235569 
00:00:07.235569 [/Devices/acpi/0/LUN#0/] (level 4)
00:00:07.235570   Driver <string>  = "ACPIHost" (cb=9)
00:00:07.235570 
00:00:07.235570 [/Devices/acpi/0/LUN#0/Config/] (level 5)
00:00:07.235570 
00:00:07.235571 [/Devices/ahci/] (level 2)
00:00:07.235571 
00:00:07.235571 [/Devices/ahci/0/] (level 3)
00:00:07.235572   PCIBusNo      <integer> = 0x0000000000000000 (0)
00:00:07.235572   PCIDeviceNo   <integer> = 0x000000000000000d (13)
00:00:07.235572   PCIFunctionNo <integer> = 0x0000000000000000 (0)
00:00:07.235573   Trusted       <integer> = 0x0000000000000001 (1)
00:00:07.235573 
00:00:07.235573 [/Devices/ahci/0/Config/] (level 4)
00:00:07.235573   Bootable  <integer> = 0x0000000000000001 (1)
00:00:07.235574   PortCount <integer> = 0x0000000000000001 (1)
00:00:07.235574 
00:00:07.235574 [/Devices/ahci/0/Config/Port0/] (level 5)
00:00:07.235574   Hotpluggable <integer> = 0x0000000000000000 (0)
00:00:07.235575 
00:00:07.235575 [/Devices/ahci/0/LUN#0/] (level 4)
00:00:07.235575   Driver <string>  = "VD" (cb=3)
00:00:07.235576 
00:00:07.235576 [/Devices/ahci/0/LUN#0/Config/] (level 5)
00:00:07.235576   BlockCache <integer> = 0x0000000000000001 (1)
00:00:07.235576   Format     <string>  = "VDI" (cb=4)
00:00:07.235577   Mountable  <integer> = 0x0000000000000000 (0)
00:00:07.235577   Path       <string>  = "Y:\Ubuntu.vdi" (cb=14)
00:00:07.235577   Type       <string>  = "HardDisk" (cb=9)
00:00:07.235578   UseNewIo   <integer> = 0x0000000000000001 (1)
00:00:07.235578 
00:00:07.235578 [/Devices/ahci/0/LUN#0/Config/VDConfig/] (level 6)
00:00:07.235579   AllocationBlockSize <string>  = "1048576" (cb=8)
00:00:07.235579 
00:00:07.235579 [/Devices/ahci/0/LUN#999/] (level 4)
00:00:07.235579   Driver <string>  = "MainStatus" (cb=11)
00:00:07.235580 
00:00:07.235580 [/Devices/ahci/0/LUN#999/Config/] (level 5)
00:00:07.235580   DeviceInstance       <string>  = "ahci/0" (cb=7)
00:00:07.235581   First                <integer> = 0x0000000000000000 (0)
00:00:07.235581   HasMediumAttachments <integer> = 0x0000000000000001 (1)
00:00:07.235581   Last                 <integer> = 0x0000000000000000 (0)
00:00:07.235582   iLedSet              <integer> = 0x0000000000000004 (4)
00:00:07.235582 
00:00:07.235582 [/Devices/apic/] (level 2)
00:00:07.235582 
00:00:07.235582 [/Devices/apic/0/] (level 3)
00:00:07.235583   Trusted <integer> = 0x0000000000000001 (1)
00:00:07.235583 
00:00:07.235583 [/Devices/apic/0/Config/] (level 4)
00:00:07.235584   IOAPIC  <integer> = 0x0000000000000001 (1)
00:00:07.235584   Mode    <integer> = 0x0000000000000003 (3)
00:00:07.235584   NumCPUs <integer> = 0x0000000000000001 (1)
00:00:07.235585 
00:00:07.235585 [/Devices/dp8390/] (level 2)
00:00:07.235585 
00:00:07.235585 [/Devices/e1000/] (level 2)
00:00:07.235586 
00:00:07.235586 [/Devices/e1000/0/] (level 3)
00:00:07.235586   PCIBusNo      <integer> = 0x0000000000000000 (0)
00:00:07.235587   PCIDeviceNo   <integer> = 0x0000000000000003 (3)
00:00:07.235587   PCIFunctionNo <integer> = 0x0000000000000000 (0)
00:00:07.235587   Trusted       <integer> = 0x0000000000000001 (1)
00:00:07.235587 
00:00:07.235588 [/Devices/e1000/0/Config/] (level 4)
00:00:07.235588   AdapterType    <integer> = 0x0000000000000000 (0)
00:00:07.235588   CableConnected <integer> = 0x0000000000000001 (1)
00:00:07.235589   LineSpeed      <integer> = 0x0000000000000000 (0)
00:00:07.235589   MAC            <bytes>   = "08 00 27 c1 89 9e" (cb=6)
00:00:07.235589 
00:00:07.235590 [/Devices/e1000/0/LUN#0/] (level 4)
00:00:07.235590   Driver <string>  = "NAT" (cb=4)
00:00:07.235590 
00:00:07.235590 [/Devices/e1000/0/LUN#0/Config/] (level 5)
00:00:07.235591   AliasMode          <integer> = 0x0000000000000000 (0)
00:00:07.235591   BootFile           <string>  = "Complexivo.pxe" (cb=15)
00:00:07.235592   DNSProxy           <integer> = 0x0000000000000000 (0)
00:00:07.235592   LocalhostReachable <integer> = 0x0000000000000001 (1)
00:00:07.235592   Network            <string>  = "10.0.2.0/24" (cb=12)
00:00:07.235593   PassDomain         <integer> = 0x0000000000000001 (1)
00:00:07.235593   TFTPPrefix         <string>  = "C:\Users\alumnos\.VirtualBox\TFTP" (cb=34)
00:00:07.235593   UseHostResolver    <integer> = 0x0000000000000000 (0)
00:00:07.235594 
00:00:07.235594 [/Devices/e1000/0/LUN#999/] (level 4)
00:00:07.235594   Driver <string>  = "MainStatus" (cb=11)
00:00:07.235594 
00:00:07.235594 [/Devices/e1000/0/LUN#999/Config/] (level 5)
00:00:07.235595   First                <integer> = 0x0000000000000000 (0)
00:00:07.235595   HasMediumAttachments <integer> = 0x0000000000000000 (0)
00:00:07.235596   Last                 <integer> = 0x0000000000000000 (0)
00:00:07.235596   iLedSet              <integer> = 0x0000000000000005 (5)
00:00:07.235596 
00:00:07.235596 [/Devices/i8254/] (level 2)
00:00:07.235597 
00:00:07.235597 [/Devices/i8254/0/] (level 3)
00:00:07.235597 
00:00:07.235598 [/Devices/i8254/0/Config/] (level 4)
00:00:07.235598 
00:00:07.235598 [/Devices/i8259/] (level 2)
00:00:07.235598 
00:00:07.235598 [/Devices/i8259/0/] (level 3)
00:00:07.235599   Trusted <integer> = 0x0000000000000001 (1)
00:00:07.235599 
00:00:07.235599 [/Devices/i8259/0/Config/] (level 4)
00:00:07.235600 
00:00:07.235600 [/Devices/ichac97/] (level 2)
00:00:07.235600 
00:00:07.235600 [/Devices/ichac97/0/] (level 3)
00:00:07.235601   PCIBusNo      <integer> = 0x0000000000000000 (0)
00:00:07.235601   PCIDeviceNo   <integer> = 0x0000000000000005 (5)
00:00:07.235601   PCIFunctionNo <integer> = 0x0000000000000000 (0)
00:00:07.235601   Trusted       <integer> = 0x0000000000000001 (1)
00:00:07.235602 
00:00:07.235602 [/Devices/ichac97/0/AudioConfig/] (level 4)
00:00:07.235602 
00:00:07.235603 [/Devices/ichac97/0/Config/] (level 4)
00:00:07.235603   Codec        <string>  = "AD1980" (cb=7)
00:00:07.235603   DebugEnabled <integer> = 0x0000000000000000 (0)
00:00:07.235604 
00:00:07.235604 [/Devices/ichac97/0/LUN#0/] (level 4)
00:00:07.235604   Driver <string>  = "AUDIO" (cb=6)
00:00:07.235604 
00:00:07.235604 [/Devices/ichac97/0/LUN#0/AttachedDriver/] (level 5)
00:00:07.235605   Driver <string>  = "HostAudioWas" (cb=13)
00:00:07.235605 
00:00:07.235605 [/Devices/ichac97/0/LUN#0/AttachedDriver/Config/] (level 6)
00:00:07.235606   VmName <string>  = "Complexivo" (cb=11)
00:00:07.235606   VmUuid <string>  = "60febd1f-970e-48a2-8af7-8d18cf8051c4" (cb=37)
00:00:07.235606 
00:00:07.235606 [/Devices/ichac97/0/LUN#0/Config/] (level 5)
00:00:07.235607   DriverName    <string>  = "HostAudioWas" (cb=13)
00:00:07.235607   InputEnabled  <integer> = 0x0000000000000000 (0)
00:00:07.235608   OutputEnabled <integer> = 0x0000000000000001 (1)
00:00:07.235608 
00:00:07.235608 [/Devices/ichac97/0/LUN#1/] (level 4)
00:00:07.235608   Driver <string>  = "AUDIO" (cb=6)
00:00:07.235609 
00:00:07.235609 [/Devices/ichac97/0/LUN#2/] (level 4)
00:00:07.235609   Driver <string>  = "AUDIO" (cb=6)
00:00:07.235609 
00:00:07.235609 [/Devices/ioapic/] (level 2)
00:00:07.235610 
00:00:07.235610 [/Devices/ioapic/0/] (level 3)
00:00:07.235610   Trusted <integer> = 0x0000000000000001 (1)
00:00:07.235611 
00:00:07.235611 [/Devices/ioapic/0/Config/] (level 4)
00:00:07.235611   NumCPUs <integer> = 0x0000000000000001 (1)
00:00:07.235611 
00:00:07.235612 [/Devices/mc146818/] (level 2)
00:00:07.235612 
00:00:07.235612 [/Devices/mc146818/0/] (level 3)
00:00:07.235612 
00:00:07.235612 [/Devices/mc146818/0/Config/] (level 4)
00:00:07.235613   UseUTC <integer> = 0x0000000000000001 (1)
00:00:07.235613 
00:00:07.235613 [/Devices/parallel/] (level 2)
00:00:07.235614 
00:00:07.235614 [/Devices/pcarch/] (level 2)
00:00:07.235614 
00:00:07.235614 [/Devices/pcarch/0/] (level 3)
00:00:07.235614   Trusted <integer> = 0x0000000000000001 (1)
00:00:07.235615 
00:00:07.235615 [/Devices/pcarch/0/Config/] (level 4)
00:00:07.235615 
00:00:07.235615 [/Devices/pcbios/] (level 2)
00:00:07.235616 
00:00:07.235616 [/Devices/pcbios/0/] (level 3)
00:00:07.235616   Trusted <integer> = 0x0000000000000001 (1)
00:00:07.235617 
00:00:07.235617 [/Devices/pcbios/0/Config/] (level 4)
00:00:07.235618   APIC               <integer> = 0x0000000000000001 (1)
00:00:07.235618   BootDevice0        <string>  = "FLOPPY" (cb=7)
00:00:07.235618   BootDevice1        <string>  = "DVD" (cb=4)
00:00:07.235619   BootDevice2        <string>  = "IDE" (cb=4)
00:00:07.235619   BootDevice3        <string>  = "NONE" (cb=5)
00:00:07.235619   DmiSystemSerial    <string>  = "VirtualBox-<DmiSystemUuid>" (cb=27)
00:00:07.235620   FloppyDevice       <string>  = "i82078" (cb=7)
00:00:07.235620   HardDiskDevice     <string>  = "piix3ide" (cb=9)
00:00:07.235620   IOAPIC             <integer> = 0x0000000000000001 (1)
00:00:07.235620   McfgBase           <integer> = 0x0000000000000000 (0)
00:00:07.235621   McfgLength         <integer> = 0x0000000000000000 (0)
00:00:07.235621   NumCPUs            <integer> = 0x0000000000000001 (1)
00:00:07.235621   PXEDebug           <integer> = 0x0000000000000000 (0)
00:00:07.235622   SataHardDiskDevice <string>  = "ahci" (cb=5)
00:00:07.235622   SataLUN1           <integer> = 0x0000000000000000 (0)
00:00:07.235622   UUID               <bytes>   = "1f bd fe 60 0e 97 a2 48 8a f7 8d 18 cf 80 51 c4" (cb=16)
00:00:07.235623   UuidLe             <integer> = 0x0000000000000001 (1)
00:00:07.235624 
00:00:07.235624 [/Devices/pcbios/0/Config/NetBoot/] (level 5)
00:00:07.235624 
00:00:07.235624 [/Devices/pcbios/0/Config/NetBoot/0/] (level 6)
00:00:07.235625   NIC           <integer> = 0x0000000000000000 (0)
00:00:07.235625   PCIBusNo      <integer> = 0x0000000000000000 (0)
00:00:07.235625   PCIDeviceNo   <integer> = 0x0000000000000003 (3)
00:00:07.235626   PCIFunctionNo <integer> = 0x0000000000000000 (0)
00:00:07.235626 
00:00:07.235626 [/Devices/pci/] (level 2)
00:00:07.235626 
00:00:07.235627 [/Devices/pci/0/] (level 3)
00:00:07.235627   Trusted <integer> = 0x0000000000000001 (1)
00:00:07.235627 
00:00:07.235627 [/Devices/pci/0/Config/] (level 4)
00:00:07.235628   IOAPIC <integer> = 0x0000000000000001 (1)
00:00:07.235628 
00:00:07.235628 [/Devices/pcibridge/] (level 2)
00:00:07.235629 
00:00:07.235629 [/Devices/pckbd/] (level 2)
00:00:07.235629 
00:00:07.235629 [/Devices/pckbd/0/] (level 3)
00:00:07.235629   Trusted <integer> = 0x0000000000000001 (1)
00:00:07.235630 
00:00:07.235630 [/Devices/pckbd/0/Config/] (level 4)
00:00:07.235630 
00:00:07.235630 [/Devices/pckbd/0/LUN#0/] (level 4)
00:00:07.235631   Driver <string>  = "KeyboardQueue" (cb=14)
00:00:07.235631 
00:00:07.235631 [/Devices/pckbd/0/LUN#0/AttachedDriver/] (level 5)
00:00:07.235632   Driver <string>  = "MainKeyboard" (cb=13)
00:00:07.235632 
00:00:07.235632 [/Devices/pckbd/0/LUN#0/Config/] (level 5)
00:00:07.235632   QueueSize <integer> = 0x0000000000000040 (64, 64 B)
00:00:07.235633 
00:00:07.235633 [/Devices/pckbd/0/LUN#1/] (level 4)
00:00:07.235633   Driver <string>  = "MouseQueue" (cb=11)
00:00:07.235634 
00:00:07.235634 [/Devices/pckbd/0/LUN#1/AttachedDriver/] (level 5)
00:00:07.235634   Driver <string>  = "MainMouse" (cb=10)
00:00:07.235634 
00:00:07.235635 [/Devices/pckbd/0/LUN#1/Config/] (level 5)
00:00:07.235635   QueueSize <integer> = 0x0000000000000080 (128, 128 B)
00:00:07.235635 
00:00:07.235636 [/Devices/pcnet/] (level 2)
00:00:07.235636 
00:00:07.235636 [/Devices/piix3ide/] (level 2)
00:00:07.235636 
00:00:07.235636 [/Devices/piix3ide/0/] (level 3)
00:00:07.235637   PCIBusNo      <integer> = 0x0000000000000000 (0)
00:00:07.235637   PCIDeviceNo   <integer> = 0x0000000000000001 (1)
00:00:07.235638   PCIFunctionNo <integer> = 0x0000000000000001 (1)
00:00:07.235638   Trusted       <integer> = 0x0000000000000001 (1)
00:00:07.235638 
00:00:07.235638 [/Devices/piix3ide/0/Config/] (level 4)
00:00:07.235639   Type <string>  = "PIIX4" (cb=6)
00:00:07.235639 
00:00:07.235639 [/Devices/piix3ide/0/LUN#2/] (level 4)
00:00:07.235639   Driver <string>  = "VD" (cb=3)
00:00:07.235640 
00:00:07.235640 [/Devices/piix3ide/0/LUN#2/Config/] (level 5)
00:00:07.235640   EmptyDrive <integer> = 0x0000000000000001 (1)
00:00:07.235641   Mountable  <integer> = 0x0000000000000001 (1)
00:00:07.235641   Type       <string>  = "DVD" (cb=4)
00:00:07.235641 
00:00:07.235641 [/Devices/piix3ide/0/LUN#999/] (level 4)
00:00:07.235642   Driver <string>  = "MainStatus" (cb=11)
00:00:07.235642 
00:00:07.235642 [/Devices/piix3ide/0/LUN#999/Config/] (level 5)
00:00:07.235642   DeviceInstance       <string>  = "piix3ide/0" (cb=11)
00:00:07.235643   First                <integer> = 0x0000000000000000 (0)
00:00:07.235643   HasMediumAttachments <integer> = 0x0000000000000001 (1)
00:00:07.235643   Last                 <integer> = 0x0000000000000003 (3)
00:00:07.235644   iLedSet              <integer> = 0x0000000000000003 (3)
00:00:07.235644 
00:00:07.235644 [/Devices/serial/] (level 2)
00:00:07.235644 
00:00:07.235644 [/Devices/usb-ehci/] (level 2)
00:00:07.235645 
00:00:07.235645 [/Devices/usb-ehci/0/] (level 3)
00:00:07.235645   PCIBusNo      <integer> = 0x0000000000000000 (0)
00:00:07.235646   PCIDeviceNo   <integer> = 0x000000000000000b (11)
00:00:07.235646   PCIFunctionNo <integer> = 0x0000000000000000 (0)
00:00:07.235646   Trusted       <integer> = 0x0000000000000001 (1)
00:00:07.235646 
00:00:07.235647 [/Devices/usb-ehci/0/Config/] (level 4)
00:00:07.235647 
00:00:07.235647 [/Devices/usb-ehci/0/LUN#0/] (level 4)
00:00:07.235647   Driver <string>  = "VUSBRootHub" (cb=12)
00:00:07.235648 
00:00:07.235648 [/Devices/usb-ehci/0/LUN#0/Config/] (level 5)
00:00:07.235648 
00:00:07.235648 [/Devices/usb-ehci/0/LUN#999/] (level 4)
00:00:07.235649   Driver <string>  = "MainStatus" (cb=11)
00:00:07.235649 
00:00:07.235649 [/Devices/usb-ehci/0/LUN#999/Config/] (level 5)
00:00:07.235650   First                <integer> = 0x0000000000000000 (0)
00:00:07.235650   HasMediumAttachments <integer> = 0x0000000000000000 (0)
00:00:07.235650   Last                 <integer> = 0x0000000000000000 (0)
00:00:07.235651   iLedSet              <integer> = 0x0000000000000002 (2)
00:00:07.235651 
00:00:07.235651 [/Devices/usb-ohci/] (level 2)
00:00:07.235651 
00:00:07.235651 [/Devices/usb-ohci/0/] (level 3)
00:00:07.235652   PCIBusNo      <integer> = 0x0000000000000000 (0)
00:00:07.235652   PCIDeviceNo   <integer> = 0x0000000000000006 (6)
00:00:07.235652   PCIFunctionNo <integer> = 0x0000000000000000 (0)
00:00:07.235653   Trusted       <integer> = 0x0000000000000001 (1)
00:00:07.235653 
00:00:07.235653 [/Devices/usb-ohci/0/Config/] (level 4)
00:00:07.235653 
00:00:07.235653 [/Devices/usb-ohci/0/LUN#0/] (level 4)
00:00:07.235654   Driver <string>  = "VUSBRootHub" (cb=12)
00:00:07.235654 
00:00:07.235654 [/Devices/usb-ohci/0/LUN#0/Config/] (level 5)
00:00:07.235655 
00:00:07.235655 [/Devices/usb-ohci/0/LUN#999/] (level 4)
00:00:07.235655   Driver <string>  = "MainStatus" (cb=11)
00:00:07.235655 
00:00:07.235655 [/Devices/usb-ohci/0/LUN#999/Config/] (level 5)
00:00:07.235656   First                <integer> = 0x0000000000000000 (0)
00:00:07.235656   HasMediumAttachments <integer> = 0x0000000000000000 (0)
00:00:07.235656   Last                 <integer> = 0x0000000000000000 (0)
00:00:07.235657   iLedSet              <integer> = 0x0000000000000001 (1)
00:00:07.235657 
00:00:07.235657 [/Devices/vga/] (level 2)
00:00:07.235657 
00:00:07.235658 [/Devices/vga/0/] (level 3)
00:00:07.235658   PCIBusNo      <integer> = 0x0000000000000000 (0)
00:00:07.235658   PCIDeviceNo   <integer> = 0x0000000000000002 (2)
00:00:07.235658   PCIFunctionNo <integer> = 0x0000000000000000 (0)
00:00:07.235659   Trusted       <integer> = 0x0000000000000001 (1)
00:00:07.235659 
00:00:07.235659 [/Devices/vga/0/Config/] (level 4)
00:00:07.235660   3DEnabled             <integer> = 0x0000000000000000 (0)
00:00:07.235660   CustomVideoModes      <integer> = 0x0000000000000000 (0)
00:00:07.235660   FadeIn                <integer> = 0x0000000000000001 (1)
00:00:07.235661   FadeOut               <integer> = 0x0000000000000001 (1)
00:00:07.235661   HeightReduction       <integer> = 0x0000000000000000 (0)
00:00:07.235661   LogoFile              <string>  = "" (cb=1)
00:00:07.235662   LogoTime              <integer> = 0x0000000000000000 (0)
00:00:07.235662   MonitorCount          <integer> = 0x0000000000000001 (1)
00:00:07.235662   ShowBootMenu          <integer> = 0x0000000000000002 (2)
00:00:07.235663   VMSVGA3dEnabled       <integer> = 0x0000000000000000 (0)
00:00:07.235663   VMSVGAEnabled         <integer> = 0x0000000000000001 (1)
00:00:07.235663   VMSVGAPciBarLayout    <integer> = 0x0000000000000001 (1)
00:00:07.235664   VMSVGAPciId           <integer> = 0x0000000000000001 (1)
00:00:07.235664   VRamSize              <integer> = 0x0000000001000000 (16 777 216, 16.0 MiB)
00:00:07.235665   VmSvga3               <integer> = 0x0000000000000000 (0)
00:00:07.235665   VmSvgaExposeLegacyVga <integer> = 0x0000000000000001 (1)
00:00:07.235665 
00:00:07.235666 [/Devices/vga/0/LUN#0/] (level 4)
00:00:07.235666   Driver <string>  = "MainDisplay" (cb=12)
00:00:07.235666 
00:00:07.235666 [/Devices/vga/0/LUN#0/Config/] (level 5)
00:00:07.235667 
00:00:07.235667 [/Devices/vga/0/LUN#999/] (level 4)
00:00:07.235667   Driver <string>  = "MainStatus" (cb=11)
00:00:07.235667 
00:00:07.235668 [/Devices/vga/0/LUN#999/Config/] (level 5)
00:00:07.235668   First                <integer> = 0x0000000000000000 (0)
00:00:07.235669   HasMediumAttachments <integer> = 0x0000000000000000 (0)
00:00:07.235669   Last                 <integer> = 0x0000000000000000 (0)
00:00:07.235669   iLedSet              <integer> = 0x0000000000000000 (0)
00:00:07.235670 
00:00:07.235670 [/Devices/virtio-net/] (level 2)
00:00:07.235670 
00:00:07.235670 [/EM/] (level 1)
00:00:07.235670   TripleFaultReset <integer> = 0x0000000000000000 (0)
00:00:07.235671 
00:00:07.235671 [/GCM/] (level 1)
00:00:07.235671   MesaVmsvgaDrv <integer> = 0x0000000000000001 (1)
00:00:07.235671 
00:00:07.235671 [/GIM/] (level 1)
00:00:07.235672   Provider <string>  = "KVM" (cb=4)
00:00:07.235672 
00:00:07.235672 [/HM/] (level 1)
00:00:07.235672   64bitEnabled            <integer> = 0x0000000000000001 (1)
00:00:07.235673   EnableLargePages        <integer> = 0x0000000000000001 (1)
00:00:07.235673   EnableNestedPaging      <integer> = 0x0000000000000001 (1)
00:00:07.235673   EnableUX                <integer> = 0x0000000000000001 (1)
00:00:07.235674   EnableVPID              <integer> = 0x0000000000000001 (1)
00:00:07.235674   Exclusive               <integer> = 0x0000000000000000 (0)
00:00:07.235674   HMForced                <integer> = 0x0000000000000001 (1)
00:00:07.235675   IBPBOnVMEntry           <integer> = 0x0000000000000000 (0)
00:00:07.235675   IBPBOnVMExit            <integer> = 0x0000000000000000 (0)
00:00:07.235675   L1DFlushOnSched         <integer> = 0x0000000000000001 (1)
00:00:07.235676   L1DFlushOnVMEntry       <integer> = 0x0000000000000000 (0)
00:00:07.235676   LovelyMesaDrvWorkaround <integer> = 0x0000000000000001 (1)
00:00:07.235676   MDSClearOnSched         <integer> = 0x0000000000000001 (1)
00:00:07.235677   MDSClearOnVMEntry       <integer> = 0x0000000000000000 (0)
00:00:07.235677   SpecCtrlByHost          <integer> = 0x0000000000000000 (0)
00:00:07.235677   SvmVirtVmsaveVmload     <integer> = 0x0000000000000000 (0)
00:00:07.235678   UseNEMInstead           <integer> = 0x0000000000000000 (0)
00:00:07.235678 
00:00:07.235678 [/MM/] (level 1)
00:00:07.235678   CanUseLargerHeap <integer> = 0x0000000000000000 (0)
00:00:07.235679 
00:00:07.235679 [/NEM/] (level 1)
00:00:07.235679   Allow64BitGuests        <integer> = 0x0000000000000001 (1)
00:00:07.235679   LovelyMesaDrvWorkaround <integer> = 0x0000000000000001 (1)
00:00:07.235679 
00:00:07.235680 [/PDM/] (level 1)
00:00:07.235680 
00:00:07.235680 [/PDM/AsyncCompletion/] (level 2)
00:00:07.235680 
00:00:07.235681 [/PDM/AsyncCompletion/File/] (level 3)
00:00:07.235681 
00:00:07.235681 [/PDM/AsyncCompletion/File/BwGroups/] (level 4)
00:00:07.235682 
00:00:07.235682 [/PDM/BlkCache/] (level 2)
00:00:07.235682   CacheSize <integer> = 0x0000000000500000 (5 242 880, 5.0 MiB)
00:00:07.235682 
00:00:07.235683 [/PDM/Devices/] (level 2)
00:00:07.235683 
00:00:07.235683 [/PDM/Drivers/] (level 2)
00:00:07.235683 
00:00:07.235683 [/PDM/Drivers/VBoxC/] (level 3)
00:00:07.235684   Path <string>  = "VBoxC" (cb=6)
00:00:07.235684 
00:00:07.235684 [/PDM/NetworkShaper/] (level 2)
00:00:07.235684 
00:00:07.235685 [/PDM/NetworkShaper/BwGroups/] (level 3)
00:00:07.235685 
00:00:07.235685 [/TM/] (level 1)
00:00:07.235685   UTCOffset <integer> = 0x0000000000000000 (0)
00:00:07.235686 
00:00:07.235686 [/USB/] (level 1)
00:00:07.235686 
00:00:07.235686 [/USB/USBProxy/] (level 2)
00:00:07.235686 
00:00:07.235686 [/USB/USBProxy/GlobalConfig/] (level 3)
00:00:07.235687 
00:00:07.235687 ********************* End of CFGM dump **********************
00:00:07.235760 HM: HMR3Init: Attempting fall back to NEM: VT-x is not available
00:00:07.251765 NEM:  info: Found optional import WinHvPlatform.dll!WHvQueryGpaRangeDirtyBitmap.
00:00:07.251781 NEM:  info: Found optional import vid.dll!VidGetHvPartitionId.
00:00:07.251783 NEM:  info: Found optional import vid.dll!VidGetPartitionProperty.
00:00:07.251952 NEM: WHvCapabilityCodeHypervisorPresent is TRUE, so this might work...
00:00:07.251960 NEM: WHvCapabilityCodeExtendedVmExits      = 0x0000000000007fff
00:00:07.251965 NEM:                       fExtendedMsrExit: 1
00:00:07.251967 NEM:                     fExtendedCpuIdExit: 1
00:00:07.251969 NEM:                      fExtendedXcptExit: 1
00:00:07.251971 NEM: Warning! Unknown VM exit definitions: 0x7fff
00:00:07.251973 NEM: Warning! Unknown feature definitions: 0x2ff
00:00:07.251975 NEM: Supported exception exit bitmap: 0xf7dfb
00:00:07.251980 NEM: WHvCapabilityCodeProcessorVendor      = 1 - Intel
00:00:07.251987 NEM: WHvCapabilityCodeProcessorFeatures    = 0x3e1bfbcfe7f7859f
00:00:07.251990 NEM:                            Sse3Support: 1
00:00:07.251992 NEM:                        LahfSahfSupport: 1
00:00:07.251994 NEM:                           Ssse3Support: 1
00:00:07.251996 NEM:                          Sse4_1Support: 1
00:00:07.251998 NEM:                          Sse4_2Support: 1
00:00:07.251999 NEM:                           Sse4aSupport: 0
00:00:07.252001 NEM:                             XopSupport: 0
00:00:07.252003 NEM:                          PopCntSupport: 1
00:00:07.252005 NEM:                      Cmpxchg16bSupport: 1
00:00:07.252007 NEM:                       Altmovcr8Support: 0
00:00:07.252009 NEM:                           LzcntSupport: 1
00:00:07.252011 NEM:                     MisAlignSseSupport: 0
00:00:07.252013 NEM:                          MmxExtSupport: 0
00:00:07.252015 NEM:                        Amd3DNowSupport: 0
00:00:07.252017 NEM:                ExtendedAmd3DNowSupport: 0
00:00:07.252019 NEM:                         Page1GbSupport: 1
00:00:07.252020 NEM:                             AesSupport: 1
00:00:07.252022 NEM:                       PclmulqdqSupport: 1
00:00:07.252024 NEM:                            PcidSupport: 1
00:00:07.252026 NEM:                            Fma4Support: 0
00:00:07.252028 NEM:                            F16CSupport: 1
00:00:07.252030 NEM:                          RdRandSupport: 1
00:00:07.252032 NEM:                        RdWrFsGsSupport: 1
00:00:07.252034 NEM:                            SmepSupport: 1
00:00:07.252036 NEM:              EnhancedFastStringSupport: 1
00:00:07.252038 NEM:                            Bmi1Support: 1
00:00:07.252040 NEM:                            Bmi2Support: 1
00:00:07.252042 NEM:                           MovbeSupport: 1
00:00:07.252044 NEM:                          Npiep1Support: 1
00:00:07.252046 NEM:                   DepX87FPUSaveSupport: 1
00:00:07.252048 NEM:                          RdSeedSupport: 1
00:00:07.252050 NEM:                             AdxSupport: 1
00:00:07.252052 NEM:                   IntelPrefetchSupport: 1
00:00:07.252054 NEM:                            SmapSupport: 1
00:00:07.252056 NEM:                             HleSupport: 0
00:00:07.252060 NEM:                             RtmSupport: 0
00:00:07.252063 NEM:                          RdtscpSupport: 1
00:00:07.252065 NEM:                      ClflushoptSupport: 1
00:00:07.252067 NEM:                            ClwbSupport: 1
00:00:07.252069 NEM:                             ShaSupport: 1
00:00:07.252071 NEM:                X87PointersSavedSupport: 0
00:00:07.252073 NEM: Warning! Unknown CPU features: 0x3e1bfbcfe7f7859f
00:00:07.252078 NEM: WHvCapabilityCodeProcessorClFlushSize = 2^8
00:00:07.252081 NEM: Warning! Unknown capability 0x4 returning: 3f 00 00 00 00 00 00 00 00 00 00 00 00 00 00 00 00 00 00 00 00 00 00 00
00:00:07.252084 NEM: Warning! Unknown capability 0x5 returning: 03 00 00 00 00 00 00 00 00 00 00 00 00 00 00 00 00 00 00 00 00 00 00 00
00:00:07.252121 NEM: Warning! Unknown capability 0x6 returning: 00 00 00 00 00 00 00 00 00 00 00 00 00 00 00 00 00 00 00 00 00 00 00 00
00:00:07.252787 NEM: Warning! Unknown capability 0x1003 returning: 1f 38 58 40 00 00 00 00 00 00 00 00 00 00 00 00 00 00 00 00 00 00 00 00
00:00:07.252798 NEM: Warning! Unknown capability 0x1004 returning: 00 1c 87 b2 00 00 00 00 00 00 00 00 00 00 00 00 00 00 00 00 00 00 00 00
00:00:07.252801 NEM: Warning! Unknown capability 0x1005 returning: 00 c2 eb 0b 00 00 00 00 00 00 00 00 00 00 00 00 00 00 00 00 00 00 00 00
00:00:07.252804 NEM: Warning! Unknown capability 0x1006 returning: 02 00 00 00 00 00 00 00 9f 85 f7 e7 cf fb 1b 3e e3 77 97 1e 0f 00 01 00
00:00:07.252808 NEM: Warning! Unknown capability 0x1007 returning: 00 00 00 00 00 00 00 00 00 00 00 00 00 00 00 00 00 00 00 00 00 00 00 00
00:00:07.252813 NEM: Warning! Unknown capability 0x1008 returning: 01 00 00 00 00 00 00 00 ff 8f 44 ff 6f 00 00 00 00 00 00 00 00 00 00 00
00:00:07.252819 NEM: Warning! Unknown capability 0x1009 returning: 00 00 00 00 00 00 00 00 00 00 00 00 00 00 00 00 00 00 00 00 00 00 00 00
00:00:07.252825 NEM: Warning! Unknown capability 0x100a returning: 2e 00 00 00 00 00 00 00 00 00 00 00 00 00 00 00 00 00 00 00 00 00 00 00
00:00:07.252874 NEM: Warning! Unknown capability 0x2000 returning: 01 00 00 00 00 10 d8 01 00 00 00 00 00 00 00 00 00 00 00 00 00 00 00 00
00:00:07.252880 NEM: Warning! Unknown capability 0x2001 returning: 16 00 00 00 3f 00 00 00 00 00 00 00 00 00 00 00 00 00 00 00 00 00 00 00
00:00:07.252885 NEM: Warning! Unknown capability 0x2002 returning: f2 e5 01 24 fe ff f9 f7 00 00 00 00 00 00 00 00 00 00 00 00 00 00 00 00
00:00:07.252891 NEM: Warning! Unknown capability 0x2003 returning: ff 6f 03 00 ff ff 3f 14 00 00 00 00 00 00 00 00 00 00 00 00 00 00 00 00
00:00:07.252896 NEM: Warning! Unknown capability 0x2004 returning: ff 11 00 00 ff f3 30 00 00 00 00 00 00 00 00 00 00 00 00 00 00 00 00 00
00:00:07.252902 NEM: Warning! Unknown capability 0x2005 returning: 60 00 00 00 00 00 00 00 00 00 00 00 00 00 00 00 00 00 00 00 00 00 00 00
00:00:07.252907 NEM: Warning! Unknown capability 0x2006 returning: 21 00 00 80 00 00 00 00 00 00 00 00 00 00 00 00 00 00 00 00 00 00 00 00
00:00:07.252913 NEM: Warning! Unknown capability 0x2007 returning: ff ff ff ff 00 00 00 00 00 00 00 00 00 00 00 00 00 00 00 00 00 00 00 00
00:00:07.252918 NEM: Warning! Unknown capability 0x2008 returning: 00 20 00 00 00 00 00 00 00 00 00 00 00 00 00 00 00 00 00 00 00 00 00 00
00:00:07.252924 NEM: Warning! Unknown capability 0x2009 returning: ff 2f b7 00 00 00 00 00 00 00 00 00 00 00 00 00 00 00 00 00 00 00 00 00
00:00:07.252929 NEM: Warning! Unknown capability 0x200a returning: 2a 00 00 00 00 00 00 00 00 00 00 00 00 00 00 00 00 00 00 00 00 00 00 00
00:00:07.252935 NEM: Warning! Unknown capability 0x200b returning: 00 00 00 00 ae 18 50 06 00 00 00 00 00 00 00 00 00 00 00 00 00 00 00 00
00:00:07.252941 NEM: Warning! Unknown capability 0x200c returning: 41 40 f3 06 01 0f 00 00 00 00 00 00 00 00 00 00 00 00 00 00 00 00 00 00
00:00:07.252946 NEM: Warning! Unknown capability 0x200d returning: 16 00 00 00 3f 00 00 00 00 00 00 00 00 00 00 00 00 00 00 00 00 00 00 00
00:00:07.252951 NEM: Warning! Unknown capability 0x200e returning: f2 65 00 24 fe ff f9 f7 00 00 00 00 00 00 00 00 00 00 00 00 00 00 00 00
00:00:07.252959 NEM: Warning! Unknown capability 0x200f returning: fb 6f 03 00 ff ff 3f 14 00 00 00 00 00 00 00 00 00 00 00 00 00 00 00 00
00:00:07.253266 NEM: Created partition 000001fe90fa3320.
00:00:07.253280 NEM: Adjusting APIC configuration from X2APIC to APIC max mode.  X2APIC is not supported by the WinHvPlatform API!
00:00:07.253282 NEM: Disable Hyper-V if you need X2APIC for your guests!
00:00:07.253299 PGM: Enabling NEM mode
00:00:07.253336 NEM:
00:00:07.253336 NEM: NEMR3Init: Snail execution mode is active!
00:00:07.253337 NEM: Note! VirtualBox is not able to run at its full potential in this execution mode.
00:00:07.253337 NEM:       To see VirtualBox run at max speed you need to disable all Windows features
00:00:07.253337 NEM:       making use of Hyper-V.  That is a moving target, so google how and carefully
00:00:07.253337 NEM:       consider the consequences of disabling these features.
00:00:07.253337 NEM:
00:00:07.253364 CPUM: No hardware-virtualization capability detected
00:00:07.253369 CPUM: fXStateHostMask=0x7; initial: 0x7; host XCR0=0x7
00:00:07.255277 CPUM: Matched host CPU INTEL 0x6/0xaa/0x4 Intel_Atom_Unknown with CPU DB entry 'Intel Pentium N3530 2.16GHz' (INTEL 0x6/0x37/0x8 Intel_Atom_Silvermont)
00:00:07.255304 CPUM: MXCSR_MASK=0xffff (host: 0xffff)
00:00:07.255324 CPUM: Microcode revision 0x00000020
00:00:07.255343 CPUM: MSR/CPUID reconciliation insert: 0x0000010b IA32_FLUSH_CMD
00:00:07.255346 CPUM: MSR/CPUID reconciliation insert: 0x0000010a IA32_ARCH_CAPABILITIES
00:00:07.255348 CPUM: MSR fudge: 0x00000001 IA32_P5_MC_TYPE
00:00:07.255350 CPUM: MSR fudge: 0x00000017 IA32_PLATFORM_ID
00:00:07.255352 CPUM: MSR fudge: 0x0000001b IA32_APIC_BASE
00:00:07.255354 CPUM: MSR fudge: 0x0000008b BIOS_SIGN
00:00:07.255356 CPUM: MSR fudge: 0x000000fe IA32_MTRRCAP
00:00:07.255358 CPUM: MSR fudge: 0x00000179 IA32_MCG_CAP
00:00:07.255360 CPUM: MSR fudge: 0x0000017a IA32_MCG_STATUS
00:00:07.255362 CPUM: MSR fudge: 0x000001a0 IA32_MISC_ENABLE
00:00:07.255364 CPUM: MSR fudge: 0x000001d9 IA32_DEBUGCTL
00:00:07.255366 CPUM: MSR fudge: 0x000001db P6_LAST_BRANCH_FROM_IP
00:00:07.255368 CPUM: MSR fudge: 0x000001dc P6_LAST_BRANCH_TO_IP
00:00:07.255369 CPUM: MSR fudge: 0x000001dd P6_LAST_INT_FROM_IP
00:00:07.255371 CPUM: MSR fudge: 0x000001de P6_LAST_INT_TO_IP
00:00:07.255373 CPUM: MSR fudge: 0x00000277 IA32_PAT
00:00:07.255375 CPUM: MSR fudge: 0x000002ff IA32_MTRR_DEF_TYPE
00:00:07.255377 CPUM: MSR fudge: 0x00000400 IA32_MCi_CTL_STATUS_ADDR_MISC
00:00:07.255379 CPUM: MSR fudge: 0xc0000103 AMD64_TSC_AUX
00:00:07.255381 CPUM: MSR fudge: 0x00000122 IA32_TSX_CTRL
00:00:07.255389 CPUM: SetGuestCpuIdFeature: Enabled SYSENTER/EXIT
00:00:07.255392 CPUM: SetGuestCpuIdFeature: Enabled SYSCALL/RET
00:00:07.255394 CPUM: SetGuestCpuIdFeature: Enabled PAE
00:00:07.255395 CPUM: SetGuestCpuIdFeature: Enabled LAHF/SAHF
00:00:07.255397 CPUM: SetGuestCpuIdFeature: Enabled NX
00:00:07.255399 CPUM: SetGuestCpuIdFeature: Enabled LONG MODE
00:00:07.255401 CPUM: Enabled MTRR read-write support
00:00:07.255407 CPUM: Enabled fixed-range MTRRs and 16 (virtualized) variable-range MTRRs
00:00:07.258566 NEM: HvPartitionPropertyProcessorVendor=0x1 (1)
00:00:07.259126 NEM: Successfully set up partition (device handle 0000000000001081, partition ID 0x0)
00:00:07.259307 PGM: Host paging mode: AMD64+PGE+NX
00:00:07.259321 PGM: PGMPool: cMaxPages=1280 (u64MaxPages=1058)
00:00:07.259323 PGM: pgmR3PoolInit: cMaxPages=0x500 cMaxUsers=0xa00 cMaxPhysExts=0xa00 fCacheEnable=true
00:00:07.271709 SUPLib: MEM_LARGE_PAGES privilege not held.
00:00:07.310403 TM: GIP - u32Mode=3 (Invariant) u32UpdateHz=93 u32UpdateIntervalNS=10741500 enmUseTscDelta=2 (Practically Zero) fGetGipCpu=0x1b cCpus=22
00:00:07.310427 TM: GIP - u64CpuHz=2 995 198 950 (0xb2871be6)  SUPGetCpuHzFromGip => 2 995 198 950
00:00:07.310431 TM: GIP - CPU: iCpuSet=0x0 idCpu=0x0 idApic=0x20 iGipCpu=0x0 i64TSCDelta=0 enmState=3 u64CpuHz=2995198950(*) cErrors=0
00:00:07.310438 TM: GIP - CPU: iCpuSet=0x1 idCpu=0x1 idApic=0x21 iGipCpu=0xe i64TSCDelta=0 enmState=3 u64CpuHz=2995198950(*) cErrors=0
00:00:07.310442 TM: GIP - CPU: iCpuSet=0x2 idCpu=0x2 idApic=0x0 iGipCpu=0x5 i64TSCDelta=0 enmState=3 u64CpuHz=2995198582(*) cErrors=0
00:00:07.310445 TM: GIP - CPU: iCpuSet=0x3 idCpu=0x3 idApic=0x2 iGipCpu=0x11 i64TSCDelta=0 enmState=3 u64CpuHz=2995190858(*) cErrors=0
00:00:07.310447 TM: GIP - CPU: iCpuSet=0x4 idCpu=0x4 idApic=0x4 iGipCpu=0xb i64TSCDelta=0 enmState=3 u64CpuHz=2995198860(*) cErrors=0
00:00:07.310449 TM: GIP - CPU: iCpuSet=0x5 idCpu=0x5 idApic=0x6 iGipCpu=0xf i64TSCDelta=0 enmState=3 u64CpuHz=2995190858(*) cErrors=0
00:00:07.310452 TM: GIP - CPU: iCpuSet=0x6 idCpu=0x6 idApic=0x8 iGipCpu=0x13 i64TSCDelta=0 enmState=3 u64CpuHz=2995190858(*) cErrors=0
00:00:07.310454 TM: GIP - CPU: iCpuSet=0x7 idCpu=0x7 idApic=0xa iGipCpu=0x15 i64TSCDelta=0 enmState=3 u64CpuHz=2995190858(*) cErrors=0
00:00:07.310456 TM: GIP - CPU: iCpuSet=0x8 idCpu=0x8 idApic=0xc iGipCpu=0x14 i64TSCDelta=0 enmState=3 u64CpuHz=2995190858(*) cErrors=0
00:00:07.310458 TM: GIP - CPU: iCpuSet=0x9 idCpu=0x9 idApic=0xe iGipCpu=0xc i64TSCDelta=0 enmState=3 u64CpuHz=2995198900(*) cErrors=0
00:00:07.310460 TM: GIP - CPU: iCpuSet=0xa idCpu=0xa idApic=0x10 iGipCpu=0x4 i64TSCDelta=0 enmState=3 u64CpuHz=2995198358(*) cErrors=0
00:00:07.310463 TM: GIP - CPU: iCpuSet=0xb idCpu=0xb idApic=0x11 iGipCpu=0x8 i64TSCDelta=0 enmState=3 u64CpuHz=2995198782(*) cErrors=0
00:00:07.310465 TM: GIP - CPU: iCpuSet=0xc idCpu=0xc idApic=0x18 iGipCpu=0xd i64TSCDelta=0 enmState=3 u64CpuHz=2995198888(*) cErrors=0
00:00:07.310467 TM: GIP - CPU: iCpuSet=0xd idCpu=0xd idApic=0x19 iGipCpu=0x7 i64TSCDelta=0 enmState=3 u64CpuHz=2995198769(*) cErrors=0
00:00:07.310469 TM: GIP - CPU: iCpuSet=0xe idCpu=0xe idApic=0x28 iGipCpu=0x12 i64TSCDelta=0 enmState=3 u64CpuHz=2995190858(*) cErrors=0
00:00:07.310472 TM: GIP - CPU: iCpuSet=0xf idCpu=0xf idApic=0x29 iGipCpu=0x10 i64TSCDelta=0 enmState=3 u64CpuHz=2995190858(*) cErrors=0
00:00:07.310474 TM: GIP - CPU: iCpuSet=0x10 idCpu=0x10 idApic=0x30 iGipCpu=0x2 i64TSCDelta=0 enmState=3 u64CpuHz=2995193875(*) cErrors=0
00:00:07.310476 TM: GIP - CPU: iCpuSet=0x11 idCpu=0x11 idApic=0x31 iGipCpu=0x3 i64TSCDelta=0 enmState=3 u64CpuHz=2995198124(*) cErrors=0
00:00:07.310478 TM: GIP - CPU: iCpuSet=0x12 idCpu=0x12 idApic=0x38 iGipCpu=0x9 i64TSCDelta=0 enmState=3 u64CpuHz=2995198835(*) cErrors=0
00:00:07.310480 TM: GIP - CPU: iCpuSet=0x13 idCpu=0x13 idApic=0x39 iGipCpu=0x1 i64TSCDelta=0 enmState=3 u64CpuHz=2995190858(*) cErrors=0
00:00:07.310482 TM: GIP - CPU: iCpuSet=0x14 idCpu=0x14 idApic=0x40 iGipCpu=0xa i64TSCDelta=0 enmState=3 u64CpuHz=2995198866(*) cErrors=0
00:00:07.310484 TM: GIP - CPU: iCpuSet=0x15 idCpu=0x15 idApic=0x42 iGipCpu=0x6 i64TSCDelta=0 enmState=3 u64CpuHz=2995198750(*) cErrors=0
00:00:07.310492 TM: NEM overrides the /TM/TSCModeSwitchAllowed setting.
00:00:07.310511 TM:     cTSCTicksPerSecond=2 995 198 950 (0xb2871be6) enmTSCMode=4 (NativeApi) TSCMultiplier=1
00:00:07.310512 TM: cTSCTicksPerSecondHost=2 995 198 950 (0xb2871be6)
00:00:07.310512 TM: TSCTiedToExecution=false TSCNotTiedToHalt=false
00:00:07.311396 EMR3Init: fIemExecutesAll=false fGuruOnTripleFault=true
00:00:07.311580 IEM: TargetCpu=CURRENT, Microarch=Intel_Atom_Unknown aidxTargetCpuEflFlavour={1,0}
00:00:07.312114 GIM: Using provider 'KVM' (Implementation version: 0)
00:00:07.312126 CPUM: SetGuestCpuIdFeature: Enabled Hypervisor Present bit
00:00:07.312165 GCM: Initialized - Fixer bits: 0x8 (MesaVmsvgaDrv)
00:00:07.312244 AIOMgr: Default manager type is 'Async'
00:00:07.312250 AIOMgr: Default file backend is 'NonBuffered'
00:00:07.312357 BlkCache: Cache successfully initialized. Cache size is 5242880 bytes
00:00:07.312363 BlkCache: Cache commit interval is 10000 ms
00:00:07.312368 BlkCache: Cache commit threshold is 2621440 bytes
00:00:07.572332 PcBios: [SMP] BIOS with 1 CPUs
00:00:07.572358 PcBios: Using the 386+ BIOS image.
00:00:07.572416 PcBios: MPS table at 000e1300
00:00:07.572734 PcBios: fCheckShutdownStatusForSoftReset=true  fClearShutdownStatusOnHardReset=true
00:00:07.572909 CPUM: SetGuestCpuIdFeature: Enabled xAPIC
00:00:07.573328 IOAPIC: Version=2.0 ChipType=ICH9
00:00:07.573374 PIT: mode=3 count=0x10000 (65536) - 18.20 Hz (ch=0)
00:00:07.573483 VMMDev: cbDefaultBudget: 688 070 656 (29032000)
00:00:07.588913 Shared Folders service loaded
00:00:07.597935 Guest Control service loaded
00:00:07.621751 VGA: Using the 386+ BIOS image.
00:00:07.622867 DrvVD: Flushes will be ignored
00:00:07.622877 DrvVD: Async flushes will be passed to the disk
00:00:07.624341 VD: VDInit finished with VINF_SUCCESS
00:00:07.893104 AIOMgr: Endpoint for file 'Y:\Ubuntu.vdi' (flags 000c0723) created successfully
00:00:07.901782 VD: Opening the disk took 277618216 ns
00:00:07.901868 AHCI: LUN#0: disk, PCHS=16383/16/63, total number of sectors 4294965248
00:00:07.902094 AHCI#0: Reset the HBA
00:00:07.902105 VD#0: Cancelling all active requests
00:00:07.902686 PIIX3 ATA: LUN#0: no unit
00:00:07.902694 PIIX3 ATA: LUN#1: no unit
00:00:07.902726 DrvVD: Flushes will be ignored
00:00:07.902730 DrvVD: Async flushes will be passed to the disk
00:00:07.902750 PIIX3 ATA: LUN#2: CD/DVD, total number of sectors 0, passthrough disabled
00:00:07.902807 PIIX3 ATA: LUN#3: no unit
00:00:07.902833 PIIX3 ATA: Ctl#0: finished processing RESET
00:00:07.902856 PIIX3 ATA: Ctl#1: finished processing RESET
00:00:07.902929 E1000#0: Chip=82540EM LinkUpDelay=5000ms EthernetCRC=on GSO=enabled Itr=disabled ItrRx=enabled TID=disabled R0=disabled RC=disabled
00:00:07.903829 AC97: Using codec 'AD1980'
00:00:07.918304 WasAPI: Failed to get audio input device '{Default}': ERROR_NOT_FOUND/0x80070490
00:00:07.918759 WasAPI: Failed to get audio output device '{Default}': ERROR_NOT_FOUND/0x80070490
00:00:07.919901 Audio: Found 0 devices for driver 'WasAPI'
00:00:07.920051 AC97: Reset
00:00:07.920059 AC97: Mixer reset (EAID=0x809, EACS=0x9)
00:00:07.920063 AC97: Record select to left=mic, right=mic
00:00:07.920065 Audio Mixer: MUTING master volume of 'AC'97 Mixer' -- channel volumes: ff ff ff ff ff ff ff ff ff ff ff ff
00:00:07.920073 Audio Mixer: MUTING sink 'AC'97 Mixer/Line In' -- channel volumes: 00 00 00 00 00 00 00 00 00 00 00 00
00:00:07.920078 Audio Mixer: MUTING sink 'AC'97 Mixer/Microphone In' -- channel volumes: 00 00 00 00 00 00 00 00 00 00 00 00
00:00:07.920080 Audio Mixer: MUTING sink 'AC'97 Mixer/PCM Output' -- channel volumes: 00 00 00 00 00 00 00 00 00 00 00 00
00:00:07.920083 Audio Mixer: MUTING sink 'AC'97 Mixer/PCM Output' -- channel volumes: 00 00 00 00 00 00 00 00 00 00 00 00
00:00:07.920085 Audio Mixer: MUTING sink 'AC'97 Mixer/Line In' -- channel volumes: 00 00 00 00 00 00 00 00 00 00 00 00
00:00:07.920087 Audio Mixer: MUTING sink 'AC'97 Mixer/Line In' -- channel volumes: 00 00 00 00 00 00 00 00 00 00 00 00
00:00:07.920089 Audio Mixer: MUTING sink 'AC'97 Mixer/Microphone In' -- channel volumes: 00 00 00 00 00 00 00 00 00 00 00 00
00:00:07.920574 PGM: The CPU physical address width is 46 bits
00:00:07.920582 PGM: PGMR3InitFinalize: 4 MB PSE mask 00003fffffffffff -> VINF_SUCCESS
00:00:07.920589 TM: TMR3InitFinalize: fTSCModeSwitchAllowed=false
00:00:07.920808 CPUM: Mapped 1.9 TiB (1048576 bytes) of RAM using fixed-range MTRRs
00:00:07.920814 CPUM: Mapped 2.0 GiB (2147483648 bytes) of RAM using 1 variable-range MTRRs
00:00:07.921167 VMM: Thread-context hooks unavailable
00:00:07.921170 VMM: RTThreadPreemptIsPending() can be trusted
00:00:07.921172 VMM: Kernel preemption is possible
00:00:07.921181 EM: Exit history optimizations: enabled=true enabled-r0=true enabled-r0-no-preemption=false
00:00:07.921200 PcBios: SATA LUN#0 LCHS=1024/255/63
00:00:07.921207 APIC: fPostedIntrsEnabled=false fVirtApicRegsEnabled=false fSupportsTscDeadline=false
00:00:07.921210 TMR3UtcNow: nsNow=1 771 022 021 820 913 700 nsPrev=0 -> cNsDelta=1 771 022 021 820 913 700 (offLag=0 offVirtualSync=0 offVirtualSyncGivenUp=0, NowAgain=1 771 022 021 820 913 700)
00:00:07.921215 VMM: fUsePeriodicPreemptionTimers=true
00:00:07.921222 CPUM: Logical host processors: 22 present, 22 max, 22 online, online mask: 00000000003fffff
00:00:07.921223 CPUM: Physical host cores: 16
00:00:07.921223 ************************* CPUID dump ************************
00:00:07.921231          Raw Standard CPUID Leaves
00:00:07.921231      Leaf/sub-leaf  eax      ebx      ecx      edx
00:00:07.921232 Gst: 00000000/0000  00000016 756e6547 6c65746e 49656e69
00:00:07.921233 Hst:                00000023 756e6547 6c65746e 49656e69
00:00:07.921233 Gst: 00000001/0000  000a06a4 00010800 c2da2203 178bfbff
00:00:07.921234 Hst:                000a06a4 10800800 fffaf38b bfcbfbff
00:00:07.921235 Gst: 00000002/0000  00feff01 000000f0 00000000 00000000
00:00:07.921235 Hst:                00feff01 000000f0 00000000 00000000
00:00:07.921236 Gst: 00000003/0000  00000000 00000000 00000000 00000000
00:00:07.921236 Hst:                00000000 00000000 00000000 00000000
00:00:07.921237 Gst: 00000004/0000  00000121 02c0003f 0000003f 00000000
00:00:07.921238 Hst:                fc004121 02c0003f 0000003f 00000000
00:00:07.921239 Gst: 00000004/0001  00000122 03c0003f 0000003f 00000000
00:00:07.921239 Hst:                fc004122 03c0003f 0000003f 00000000
00:00:07.921240 Gst: 00000004/0002  00000143 03c0003f 000007ff 00000000
00:00:07.921240 Hst:                fc01c143 03c0003f 000007ff 00000000
00:00:07.921242 Gst: 00000004/0003  00000163 02c0003f 00007fff 00000004
00:00:07.921242 Hst:                fc0fc163 02c0003f 00007fff 00000004
00:00:07.921243 Gst: 00000004/0004  00000000 00000000 00000000 00000000
00:00:07.921243 Hst:                00000000 00000000 00000000 00000000
00:00:07.921244 Gst: 00000005/0000  00000000 00000000 00000000 00000000
00:00:07.921244 Hst:                00000040 00000040 00000003 00012020
00:00:07.921249 Gst: 00000006/0000  00000004 00000000 00000000 00000000
00:00:07.921249 Hst:                009f8ff3 00000002 00000409 00000003
00:00:07.921250 Gst: 00000007/0000  00000000 208c2509 00000000 30000400
00:00:07.921251 Hst:                00000002 239c27a9 184007a4 bc18c410
00:00:07.921251 Gst: 00000007/0001  00000000 00000000 00000000 00000000
00:00:07.921252 Hst:                00400810 00000000 00000000 00000000
00:00:07.921252 Gst: 00000007/0002  00000000 00000000 00000000 00000000
00:00:07.921253 Hst:                00000000 00000000 00000000 00000011
00:00:07.921253 Gst: 00000007/0003  00000000 00000000 00000000 00000000
00:00:07.921254 Hst:                00000000 00000000 00000000 00000000
00:00:07.921254 Gst: 00000008/0000  00000000 00000000 00000000 00000000
00:00:07.921255 Hst:                00000000 00000000 00000000 00000000
00:00:07.921255 Gst: 00000009/0000  00000000 00000000 00000000 00000000
00:00:07.921256 Hst:                00000000 00000000 00000000 00000000
00:00:07.921256 Gst: 0000000a/0000  00000000 00000000 00000000 00000000
00:00:07.921257 Hst:                07300805 00000000 00000007 00008603
00:00:07.921258 Gst: 0000000b/0000  00000000 00000001 00000100 00000000
00:00:07.921258 Hst:                00000001 00000002 00000100 00000010
00:00:07.921259 Gst: 0000000b/0001  00000001 00000001 00000201 00000000
00:00:07.921259 Hst:                00000007 00000016 00000201 00000010
00:00:07.921260 Gst: 0000000b/0002  00000000 00000000 00000002 00000000
00:00:07.921260 Hst:                00000000 00000000 00000002 00000010
00:00:07.921261 Gst: 0000000c/0000  00000000 00000000 00000000 00000000
00:00:07.921261 Hst:                00000000 00000000 00000000 00000000
00:00:07.921262 Gst: 0000000d/0000  00000000 00000000 00000000 00000000
00:00:07.921262 Hst:                00000007 00000340 00000340 00000000
00:00:07.921263 Gst: 0000000d/0001  00000000 00000000 00000000 00000000
00:00:07.921264 Hst:                0000000f 00000350 00001800 00000000
00:00:07.921265 Gst: 0000000d/0002  00000000 00000000 00000000 00000000
00:00:07.921265 Hst:                00000100 00000240 00000000 00000000
00:00:07.921266 Gst: 0000000d/0003  00000000 00000000 00000000 00000000
00:00:07.921266 Hst:                00000000 00000000 00000000 00000000
00:00:07.921267 Gst: 0000000d/0004  00000000 00000000 00000000 00000000
00:00:07.921267 Hst:                00000000 00000000 00000000 00000000
00:00:07.921268 Gst: 0000000d/0005  00000000 00000000 00000000 00000000
00:00:07.921268 Hst:                00000000 00000000 00000000 00000000
00:00:07.921268 Gst: 0000000d/0006  00000000 00000000 00000000 00000000
00:00:07.921269 Hst:                00000000 00000000 00000000 00000000
00:00:07.921269 Gst: 0000000d/0007  00000000 00000000 00000000 00000000
00:00:07.921270 Hst:                00000000 00000000 00000000 00000000
00:00:07.921270 Gst: 0000000d/0008  00000000 00000000 00000000 00000000
00:00:07.921271 Hst:                00000000 00000000 00000000 00000000
00:00:07.921271 Gst: 0000000d/0009  00000000 00000000 00000000 00000000
00:00:07.921272 Hst:                00000000 00000000 00000000 00000000
00:00:07.921272 Gst: 0000000d/000a  00000000 00000000 00000000 00000000
00:00:07.921273 Hst:                00000000 00000000 00000000 00000000
00:00:07.921273 Gst: 0000000d/000b  00000000 00000000 00000000 00000000
00:00:07.921274 Hst:                00000010 00000000 00000001 00000000
00:00:07.921274 Gst: 0000000d/000c  00000000 00000000 00000000 00000000
00:00:07.921275 Hst:                00000018 00000000 00000001 00000000
00:00:07.921275 Gst: 0000000d/000d  00000000 00000000 00000000 00000000
00:00:07.921276 Hst:                00000000 00000000 00000000 00000000
00:00:07.921313 Gst: 0000000e/0000  00000000 00000000 00000000 00000000
00:00:07.921314 Hst:                00000000 00000000 00000000 00000000
00:00:07.921314 Gst: 0000000f/0000  00000000 00000000 00000000 00000000
00:00:07.921315 Hst:                00000000 00000000 00000000 00000000
00:00:07.921315 Gst: 00000010/0000  00000000 00000000 00000000 00000000
00:00:07.921316 Hst:                00000000 00000000 00000000 00000000
00:00:07.921316 Gst: 00000011/0000  00000000 00000000 00000000 00000000
00:00:07.921317 Hst:                00000000 00000000 00000000 00000000
00:00:07.921317 Gst: 00000012/0000  00000000 00000000 00000000 00000000
00:00:07.921318 Hst:                00000000 00000000 00000000 00000000
00:00:07.921318 Gst: 00000013/0000  00000000 00000000 00000000 00000000
00:00:07.921319 Hst:                00000000 00000000 00000000 00000000
00:00:07.921320 Gst: 00000014/0000  00000000 00000000 00000000 00000000
00:00:07.921320 Hst:                00000001 0000005f 00000007 00000000
00:00:07.921321 Hst: 00000015/0000  00000002 0000009c 0249f000 00000000
00:00:07.921321 Hst: 00000016/0000  00000000 00000000 00000000 00000000
00:00:07.921322 Hst: 00000017/0000  00000000 00000000 00000000 00000000
00:00:07.921323 Hst: 00000018/0000  00000000 00000000 00000000 00000000
00:00:07.921324 Hst: 00000019/0000  00000000 00000000 00000000 00000000
00:00:07.921325 Hst: 0000001a/0000  40000002 00000000 00000000 00000000
00:00:07.921326 Hst: 0000001b/0000  00000000 00000000 00000000 00000000
00:00:07.921326 Hst: 0000001c/0000  4000000b 00000007 00000007 00000000
00:00:07.921327 Hst: 0000001d/0000  00000000 00000000 00000000 00000000
00:00:07.921328 Hst: 0000001e/0000  00000000 00000000 00000000 00000000
00:00:07.921329 Hst: 0000001f/0000  00000001 00000002 00000100 00000010
00:00:07.921330 Hst: 00000020/0000  00000000 00000001 00000000 00000000
00:00:07.921331 Hst: 00000021/0000  00000000 00000000 00000000 00000000
00:00:07.921332 Hst: 00000022/0000  00000000 00000000 00000000 00000000
00:00:07.921332 Hst: 00000023/0000  00000000 00000000 00000000 00000000
00:00:07.921333                                Name: GenuineIntel
00:00:07.921334                            Supports: 0x00000000-0x00000016
00:00:07.921337                              Family:  6 	Extended: 0 	Effective: 6
00:00:07.921338                               Model: 10 	Extended: 10 	Effective: 170
00:00:07.921338                            Stepping: 4
00:00:07.921339                                Type: 0 (primary)
00:00:07.921339                             APIC ID: 0x00
00:00:07.921340                        Logical CPUs: 1
00:00:07.921340                        CLFLUSH Size: 8
00:00:07.921340                            Brand ID: 0x00
00:00:07.921341 Features
00:00:07.921344   Mnemonic - Description                                  = guest (host)
00:00:07.921344   FPU - x87 FPU on Chip                                   = 1 (1)
00:00:07.921345   VME - Virtual 8086 Mode Enhancements                    = 1 (1)
00:00:07.921345   DE - Debugging extensions                               = 1 (1)
00:00:07.921346   PSE - Page Size Extension                               = 1 (1)
00:00:07.921346   TSC - Time Stamp Counter                                = 1 (1)
00:00:07.921347   MSR - Model Specific Registers                          = 1 (1)
00:00:07.921347   PAE - Physical Address Extension                        = 1 (1)
00:00:07.921348   MCE - Machine Check Exception                           = 1 (1)
00:00:07.921348   CX8 - CMPXCHG8B instruction                             = 1 (1)
00:00:07.921349   APIC - APIC On-Chip                                     = 1 (1)
00:00:07.921349   SEP - SYSENTER and SYSEXIT Present                      = 1 (1)
00:00:07.921350   MTRR - Memory Type Range Registers                      = 1 (1)
00:00:07.921350   PGE - PTE Global Bit                                    = 1 (1)
00:00:07.921351   MCA - Machine Check Architecture                        = 1 (1)
00:00:07.921351   CMOV - Conditional Move instructions                    = 1 (1)
00:00:07.921352   PAT - Page Attribute Table                              = 1 (1)
00:00:07.921352   PSE-36 - 36-bit Page Size Extension                     = 1 (1)
00:00:07.921352   PSN - Processor Serial Number                           = 0 (0)
00:00:07.921353   CLFSH - CLFLUSH instruction                             = 1 (1)
00:00:07.921353   DS - Debug Store                                        = 0 (0)
00:00:07.921354   ACPI - Thermal Mon. & Soft. Clock Ctrl.                 = 0 (1)
00:00:07.921354   MMX - Intel MMX Technology                              = 1 (1)
00:00:07.921355   FXSR - FXSAVE and FXRSTOR instructions                  = 1 (1)
00:00:07.921355   SSE - SSE support                                       = 1 (1)
00:00:07.921356   SSE2 - SSE2 support                                     = 1 (1)
00:00:07.921356   SS - Self Snoop                                         = 0 (1)
00:00:07.921357   HTT - Hyper-Threading Technology                        = 1 (1)
00:00:07.921357   TM - Therm. Monitor                                     = 0 (1)
00:00:07.921358   PBE - Pending Break Enabled                             = 0 (1)
00:00:07.921361   SSE3 - SSE3 support                                     = 1 (1)
00:00:07.921362   PCLMUL - PCLMULQDQ support (for AES-GCM)                = 1 (1)
00:00:07.921362   DTES64 - DS Area 64-bit Layout                          = 0 (0)
00:00:07.921362   MONITOR - MONITOR/MWAIT instructions                    = 0 (1)
00:00:07.921363   CPL-DS - CPL Qualified Debug Store                      = 0 (0)
00:00:07.921363   VMX - Virtual Machine Extensions                        = 0 (0)
00:00:07.921364   SMX - Safer Mode Extensions                             = 0 (0)
00:00:07.921364   EST - Enhanced SpeedStep Technology                     = 0 (1)
00:00:07.921365   TM2 - Terminal Monitor 2                                = 0 (1)
00:00:07.921365   SSSE3 - Supplemental Streaming SIMD Extensions 3        = 1 (1)
00:00:07.921366   CNTX-ID - L1 Context ID                                 = 0 (0)
00:00:07.921366   SDBG - Silicon Debug interface                          = 0 (0)
00:00:07.921367   FMA - Fused Multiply Add extensions                     = 0 (1)
00:00:07.921367   CX16 - CMPXCHG16B instruction                           = 1 (1)
00:00:07.921367   TPRUPDATE - xTPR Update Control                         = 0 (1)
00:00:07.921368   PDCM - Perf/Debug Capability MSR                        = 0 (1)
00:00:07.921368   PCID - Process Context Identifiers                      = 1 (1)
00:00:07.921369   DCA - Direct Cache Access                               = 0 (0)
00:00:07.921369   SSE4_1 - SSE4_1 support                                 = 1 (1)
00:00:07.921370   SSE4_2 - SSE4_2 support                                 = 1 (1)
00:00:07.921370   X2APIC - x2APIC support                                 = 0 (1)
00:00:07.921371   MOVBE - MOVBE instruction                               = 1 (1)
00:00:07.921371   POPCNT - POPCNT instruction                             = 1 (1)
00:00:07.921372   TSCDEADL - Time Stamp Counter Deadline                  = 0 (1)
00:00:07.921372   AES - AES instructions                                  = 1 (1)
00:00:07.921373   XSAVE - XSAVE instruction                               = 0 (1)
00:00:07.921373   OSXSAVE - OSXSAVE instruction                           = 0 (1)
00:00:07.921374   AVX - AVX support                                       = 0 (1)
00:00:07.921374   F16C - 16-bit floating point conversion instructions    = 0 (1)
00:00:07.921374   RDRAND - RDRAND instruction                             = 1 (1)
00:00:07.921375   HVP - Hypervisor Present (we're a guest)                = 1 (1)
00:00:07.921375 Structured Extended Feature Flags Enumeration (leaf 7):
00:00:07.921376   Mnemonic - Description                                  = guest (host)
00:00:07.921376   FSGSBASE - RDFSBASE/RDGSBASE/WRFSBASE/WRGSBASE instr.   = 1 (1)
00:00:07.921377   TSCADJUST - Supports MSR_IA32_TSC_ADJUST                = 0 (0)
00:00:07.921377   SGX - Supports Software Guard Extensions                = 0 (0)
00:00:07.921378   BMI1 - Advanced Bit Manipulation extension 1            = 1 (1)
00:00:07.921378   HLE - Hardware Lock Elision                             = 0 (0)
00:00:07.921378   AVX2 - Advanced Vector Extensions 2                     = 0 (1)
00:00:07.921379   FDP_EXCPTN_ONLY - FPU DP only updated on exceptions     = 0 (0)
00:00:07.921379   SMEP - Supervisor Mode Execution Prevention             = 0 (1)
00:00:07.921380   BMI2 - Advanced Bit Manipulation extension 2            = 1 (1)
00:00:07.921380   ERMS - Enhanced REP MOVSB/STOSB instructions            = 0 (1)
00:00:07.921380   INVPCID - INVPCID instruction                           = 1 (1)
00:00:07.921381   RTM - Restricted Transactional Memory                   = 0 (0)
00:00:07.921381   PQM - Platform Quality of Service Monitoring            = 0 (0)
00:00:07.921382   DEPFPU_CS_DS - Deprecates FPU CS, FPU DS values if set  = 1 (1)
00:00:07.921382   MPE - Intel Memory Protection Extensions                = 0 (0)
00:00:07.921382   PQE - Platform Quality of Service Enforcement           = 0 (0)
00:00:07.921383   AVX512F - AVX512 Foundation instructions                = 0 (0)
00:00:07.921383   RDSEED - RDSEED instruction                             = 1 (1)
00:00:07.921384   ADX - ADCX/ADOX instructions                            = 1 (1)
00:00:07.921384   SMAP - Supervisor Mode Access Prevention                = 0 (1)
00:00:07.921384   CLFLUSHOPT - CLFLUSHOPT (Cache Line Flush) instruction  = 1 (1)
00:00:07.921385   CLWB - CLWB instruction                                 = 0 (1)
00:00:07.921385   INTEL_PT - Intel Processor Trace                        = 0 (1)
00:00:07.921386   AVX512PF - AVX512 Prefetch instructions                 = 0 (0)
00:00:07.921386   AVX512ER - AVX512 Exponential & Reciprocal instructions = 0 (0)
00:00:07.921386   AVX512CD - AVX512 Conflict Detection instructions       = 0 (0)
00:00:07.921387   SHA - Secure Hash Algorithm extensions                  = 1 (1)
00:00:07.921387   PREFETCHWT1 - PREFETCHWT1 instruction                   = 0 (0)
00:00:07.921388   UMIP - User mode insturction prevention                 = 0 (1)
00:00:07.921388   PKU - Protection Key for Usermode pages                 = 0 (0)
00:00:07.921388   OSPKE - CR4.PKU mirror                                  = 0 (0)
00:00:07.921389    5 - Reserved                                           = 0 (1)
00:00:07.921390    7 - Reserved                                           = 0 (1)
00:00:07.921390    8 - Reserved                                           = 0 (1)
00:00:07.921391    9 - Reserved                                           = 0 (1)
00:00:07.921391   10 - Reserved                                           = 0 (1)
00:00:07.921392   MAWAU - Value used by BNDLDX & BNDSTX                   = 0x0 (0x0)
00:00:07.921392   RDPID - Read processor ID support                       = 0 (1)
00:00:07.921393   27 - Reserved                                           = 0 (1)
00:00:07.921393   28 - Reserved                                           = 0 (1)
00:00:07.921394   SGX_LC - Supports SGX Launch Configuration              = 0 (0)
00:00:07.921394    4 - Reserved                                           = 0 (1)
00:00:07.921398   MD_CLEAR - Supports MDS related buffer clearing         = 1 (1)
00:00:07.921398   14 - Reserved                                           = 0 (1)
00:00:07.921399   15 - Reserved                                           = 0 (1)
00:00:07.921399   19 - Reserved                                           = 0 (1)
00:00:07.921400   20 - Reserved                                           = 0 (1)
00:00:07.921400   IBRS_IBPB - IA32_SPEC_CTRL.IBRS and IA32_PRED_CMD.IBPB  = 0 (1)
00:00:07.921401   STIBP - Supports IA32_SPEC_CTRL.STIBP                   = 0 (1)
00:00:07.921401   FLUSH_CMD - Supports IA32_FLUSH_CMD                     = 1 (1)
00:00:07.921401   ARCHCAP - Supports IA32_ARCH_CAP                        = 1 (1)
00:00:07.921402   CORECAP - Supports IA32_CORE_CAP                        = 0 (0)
00:00:07.921402   SSBD - Supports IA32_SPEC_CTRL.SSBD                     = 0 (1)
00:00:07.921404 Processor Extended State Enumeration (leaf 0xd):
00:00:07.921405    XSAVE area cur/max size by XCR0, guest: 0x0/0x0
00:00:07.921405     XSAVE area cur/max size by XCR0, host: 0x340/0x340
00:00:07.921406                    Valid XCR0 bits, guest: 0x00000000`00000000
00:00:07.921406                     Valid XCR0 bits, host: 0x00000000`00000007 ( x87 SSE YMM_Hi128 )
00:00:07.921408                     XSAVE features, guest:
00:00:07.921408                      XSAVE features, host: XSAVEOPT XSAVEC XGETBC1 XSAVES
00:00:07.921409       XSAVE area cur size XCR0|XSS, guest: 0x0
00:00:07.921409        XSAVE area cur size XCR0|XSS, host: 0x350
00:00:07.921409                Valid IA32_XSS bits, guest: 0x00000000`00000000
00:00:07.921410                 Valid IA32_XSS bits, host: 0x00001800`00000000 ( 43 44 )
00:00:07.921411   State #2, host:  off=0x0240, cb=0x0100 IA32_XSS-bit -- YMM_Hi128
00:00:07.921415   State #11, host:  off=0x0000, cb=0x0010 XCR0-bit -- 11
00:00:07.921416   State #12, host:  off=0x0000, cb=0x0018 XCR0-bit -- 12
00:00:07.921434          Unknown CPUID Leaves
00:00:07.921434      Leaf/sub-leaf  eax      ebx      ecx      edx
00:00:07.921435 Gst: 00000014/0001  00000000 00000000 00000000 00000000
00:00:07.921435 Hst:                02490002 003f003f 00000000 00000000
00:00:07.921436 Gst: 00000014/0002  00000000 00000000 00000000 00000000
00:00:07.921436 Hst:                00000000 00000000 00000000 00000000
00:00:07.921437 Gst: 00000015/0000  00000000 00000000 00000000 00000000
00:00:07.921437 Hst:                00000002 0000009c 0249f000 00000000
00:00:07.921438 Gst: 00000016/0000  00000000 00000000 00000000 00000000
00:00:07.921438 Hst:                00000000 00000000 00000000 00000000
00:00:07.921439          Raw Hypervisor CPUID Leaves
00:00:07.921439      Leaf/sub-leaf  eax      ebx      ecx      edx
00:00:07.921440 Gst: 40000000/0000  40000001 4b4d564b 564b4d56 0000004d
00:00:07.921440 Hst:                4000000c 7263694d 666f736f 76482074
00:00:07.921441 Gst: 40000001/0000  01000089 00000000 00000000 00000000
00:00:07.921442 Hst:                31237648 00000000 00000000 00000000
00:00:07.921442          Raw Extended CPUID Leaves
00:00:07.921442      Leaf/sub-leaf  eax      ebx      ecx      edx
00:00:07.921443 Gst: 80000000/0000  80000008 00000000 00000000 00000000
00:00:07.921443 Hst:                80000008 00000000 00000000 00000000
00:00:07.921444 Gst: 80000001/0000  00000000 00000000 00000121 28100800
00:00:07.921444 Hst:                00000000 00000000 00000121 2c100800
00:00:07.921445 Gst: 80000002/0000  65746e49 2952286c 726f4320 4d542865
00:00:07.921446 Hst:                65746e49 2952286c 726f4320 4d542865
00:00:07.921446 Gst: 80000003/0000  6c552029 20617274 35312037 00004835
00:00:07.921447 Hst:                6c552029 20617274 35312037 00004835
00:00:07.921447 Gst: 80000004/0000  00000000 00000000 00000000 00000000
00:00:07.921448 Hst:                00000000 00000000 00000000 00000000
00:00:07.921448 Gst: 80000005/0000  00000000 00000000 00000000 00000000
00:00:07.921449 Hst:                00000000 00000000 00000000 00000000
00:00:07.921449 Gst: 80000006/0000  00000000 00000000 08007040 00000000
00:00:07.921450 Hst:                00000000 00000000 08007040 00000000
00:00:07.921450 Gst: 80000007/0000  00000000 00000000 00000000 00000100
00:00:07.921451 Hst:                00000000 00000000 00000000 00000100
00:00:07.921451 Gst: 80000008/0000  0000302e 00000000 00000000 00000000
00:00:07.921452 Hst:                0000302e 00000000 00000000 00000000
00:00:07.921452 Ext Name:                        
00:00:07.921452 Ext Supports:                    0x80000000-0x80000008
00:00:07.921453 Family:                          0  	Extended: 0 	Effective: 0
00:00:07.921453 Model:                           0  	Extended: 0 	Effective: 0
00:00:07.921453 Stepping:                        0
00:00:07.921454 Brand ID:                        0x000
00:00:07.921457 Ext Features
00:00:07.921457   Mnemonic - Description                                  = guest (host)
00:00:07.921458   FPU - x87 FPU on Chip                                   = 0 (0)
00:00:07.921458   VME - Virtual 8086 Mode Enhancements                    = 0 (0)
00:00:07.921459   DE - Debugging extensions                               = 0 (0)
00:00:07.921459   PSE - Page Size Extension                               = 0 (0)
00:00:07.921460   TSC - Time Stamp Counter                                = 0 (0)
00:00:07.921460   MSR - K86 Model Specific Registers                      = 0 (0)
00:00:07.921461   PAE - Physical Address Extension                        = 0 (0)
00:00:07.921461   MCE - Machine Check Exception                           = 0 (0)
00:00:07.921462   CX8 - CMPXCHG8B instruction                             = 0 (0)
00:00:07.921462   APIC - APIC On-Chip                                     = 0 (0)
00:00:07.921463   SEP - SYSCALL/SYSRET                                    = 1 (1)
00:00:07.921463   MTRR - Memory Type Range Registers                      = 0 (0)
00:00:07.921464   PGE - PTE Global Bit                                    = 0 (0)
00:00:07.921464   MCA - Machine Check Architecture                        = 0 (0)
00:00:07.921465   CMOV - Conditional Move instructions                    = 0 (0)
00:00:07.921465   PAT - Page Attribute Table                              = 0 (0)
00:00:07.921466   PSE-36 - 36-bit Page Size Extension                     = 0 (0)
00:00:07.921466   NX - No-Execute/Execute-Disable                         = 1 (1)
00:00:07.921466   AXMMX - AMD Extensions to MMX instructions              = 0 (0)
00:00:07.921467   MMX - Intel MMX Technology                              = 0 (0)
00:00:07.921467   FXSR - FXSAVE and FXRSTOR Instructions                  = 0 (0)
00:00:07.921468   FFXSR - AMD fast FXSAVE and FXRSTOR instructions        = 0 (0)
00:00:07.921468   Page1GB - 1 GB large page                               = 0 (1)
00:00:07.921469   RDTSCP - RDTSCP instruction                             = 1 (1)
00:00:07.921469   LM - AMD64 Long Mode                                    = 1 (1)
00:00:07.921470   3DNOWEXT - AMD Extensions to 3DNow                      = 0 (0)
00:00:07.921470   3DNOW - AMD 3DNow                                       = 0 (0)
00:00:07.921471   LahfSahf - LAHF/SAHF support in 64-bit mode             = 1 (1)
00:00:07.921471   CmpLegacy - Core multi-processing legacy mode           = 0 (0)
00:00:07.921472   SVM - AMD Secure Virtual Machine extensions             = 0 (0)
00:00:07.921472   EXTAPIC - AMD Extended APIC registers                   = 0 (0)
00:00:07.921472   CR8L - AMD LOCK MOV CR0 means MOV CR8                   = 0 (0)
00:00:07.921473   ABM - AMD Advanced Bit Manipulation                     = 1 (1)
00:00:07.921473   SSE4A - SSE4A instructions                              = 0 (0)
00:00:07.921474   MISALIGNSSE - AMD Misaligned SSE mode                   = 0 (0)
00:00:07.921474   3DNOWPRF - AMD PREFETCH and PREFETCHW instructions      = 1 (1)
00:00:07.921475   OSVW - AMD OS Visible Workaround                        = 0 (0)
00:00:07.921475   IBS - Instruct Based Sampling                           = 0 (0)
00:00:07.921476   XOP - Extended Operation support                        = 0 (0)
00:00:07.921476   SKINIT - SKINIT, STGI, and DEV support                  = 0 (0)
00:00:07.921477   WDT - AMD Watchdog Timer support                        = 0 (0)
00:00:07.921480   LWP - Lightweight Profiling support                     = 0 (0)
00:00:07.921480   FMA4 - Four operand FMA instruction support             = 0 (0)
00:00:07.921481   TCE - Translation Cache Extension support               = 0 (0)
00:00:07.921481   NodeId - NodeId in MSR C001_100C                        = 0 (0)
00:00:07.921481   TBM - Trailing Bit Manipulation instructions            = 0 (0)
00:00:07.921482   TOPOEXT - Topology Extensions                           = 0 (0)
00:00:07.921482   PRFEXTCORE - Performance Counter Extensions support     = 0 (0)
00:00:07.921483   PRFEXTNB - NB Performance Counter Extensions support    = 0 (0)
00:00:07.921483   DATABPEXT - Data-access Breakpoint Extension            = 0 (0)
00:00:07.921483   PERFTSC - Performance Time Stamp Counter                = 0 (0)
00:00:07.921484   PCX_L2I - L2I/L3 Performance Counter Extensions         = 0 (0)
00:00:07.921484   MONITORX - MWAITX and MONITORX instructions             = 0 (0)
00:00:07.921485   AddrMaskExt - BP Addressing masking extended to bit 31  = 0 (0)
00:00:07.921485 Full Name:                       "Intel(R) Core(TM) Ultra 7 155H"
00:00:07.921485 TLB 2/4M Instr/Uni:              res0     0 entries
00:00:07.921486 TLB 2/4M Data:                   res0     0 entries
00:00:07.921486 TLB 4K Instr/Uni:                res0     0 entries
00:00:07.921486 TLB 4K Data:                     res0     0 entries
00:00:07.921486 L1 Instr Cache Line Size:        0 bytes
00:00:07.921486 L1 Instr Cache Lines Per Tag:    0
00:00:07.921487 L1 Instr Cache Associativity:    res0  
00:00:07.921487 L1 Instr Cache Size:             0 KB
00:00:07.921487 L1 Data Cache Line Size:         0 bytes
00:00:07.921487 L1 Data Cache Lines Per Tag:     0
00:00:07.921487 L1 Data Cache Associativity:     res0  
00:00:07.921487 L1 Data Cache Size:              0 KB
00:00:07.921488 L2 TLB 2/4M Instr/Uni:           off       0 entries
00:00:07.921488 L2 TLB 2/4M Data:                off       0 entries
00:00:07.921488 L2 TLB 4K Instr/Uni:             off       0 entries
00:00:07.921488 L2 TLB 4K Data:                  off       0 entries
00:00:07.921488 L2 Cache Line Size:              64 bytes
00:00:07.921489 L2 Cache Lines Per Tag:          0
00:00:07.921489 L2 Cache Associativity:          res7  
00:00:07.921489 L2 Cache Size:                   2048 KB
00:00:07.921489 L3 Cache Line Size:              0 bytes
00:00:07.921489 L3 Cache Lines Per Tag:          0
00:00:07.921489 L3 Cache Associativity:          off   
00:00:07.921490 L3 Cache Size:                   0 KB
00:00:07.921490   TS - Temperature Sensor                                 = 0 (0)
00:00:07.921491   FID - Frequency ID control                              = 0 (0)
00:00:07.921492   VID - Voltage ID control                                = 0 (0)
00:00:07.921492   TTP - Thermal Trip                                      = 0 (0)
00:00:07.921493   TM - Hardware Thermal Control (HTC)                     = 0 (0)
00:00:07.921493   100MHzSteps - 100 MHz Multiplier control                = 0 (0)
00:00:07.921493   HwPstate - Hardware P-state control                     = 0 (0)
00:00:07.921494   TscInvariant - Invariant Time Stamp Counter             = 1 (1)
00:00:07.921494   CPB - Core Performance Boost                            = 0 (0)
00:00:07.921495   EffFreqRO - Read-only Effective Frequency Interface     = 0 (0)
00:00:07.921495   ProcFdbkIf - Processor Feedback Interface               = 0 (0)
00:00:07.921495   ProcPwrRep - Core power reporting interface support     = 0 (0)
00:00:07.921496   ConnectedStandby - Connected Standby                    = 0 (0)
00:00:07.921496   RAPL - Running average power limit                      = 0 (0)
00:00:07.921497 Physical Address Width:          46 bits
00:00:07.921497 Virtual Address Width:           48 bits
00:00:07.921498 Guest Physical Address Width:    0 bits
00:00:07.921498 Physical Core Count:             1
00:00:07.921499 
00:00:07.921499 ******************** End of CPUID dump **********************
00:00:07.921530 VMEmt: Halt method global1 (5)
00:00:07.921584 VMEmt: HaltedGlobal1 config: cNsSpinBlockThresholdCfg=50000
00:00:07.921589 Changing the VM state from 'CREATING' to 'CREATED'
00:00:07.922469 NAT: DNS settings changed, triggering update
00:00:07.922623 Changing the VM state from 'CREATED' to 'POWERING_ON'
00:00:07.922825 AIOMgr: Endpoints without assigned bandwidth groups:
00:00:07.922831 AIOMgr:     Y:\Ubuntu.vdi
00:00:07.922898 Changing the VM state from 'POWERING_ON' to 'RUNNING'
00:00:07.922904 Console: Machine state changed to 'Running'
00:00:07.924511 VMMDev: Guest Log: BIOS: VirtualBox 7.1.4
00:00:07.924731 PCI: Setting up resources and interrupts
00:00:07.925234 PIT: mode=2 count=0x10000 (65536) - 18.20 Hz (ch=0)
00:00:07.943620 Display::i_handleDisplayResize: uScreenId=0 pvVRAM=0000000000000000 w=720 h=400 bpp=0 cbLine=0x0 flags=0x0 origin=0,0
00:00:07.944601 VMMDev: Guest Log: CPUID EDX: 0x178bfbff
00:00:07.944826 PIIX3 ATA: Ctl#1: RESET, DevSel=0 AIOIf=0 CmdIf0=0x00 (-1 usec ago) CmdIf1=0x00 (-1 usec ago)
00:00:07.944907 PIIX3 ATA: Ctl#1: finished processing RESET
00:00:07.947403 AHCI#0: Reset the HBA
00:00:07.947419 VD#0: Cancelling all active requests
00:00:07.947470 AHCI#0: Port 0 reset
00:00:07.947494 VD#0: Cancelling all active requests
00:00:07.948277 VMMDev: Guest Log: BIOS: AHCI 0-P#0: PCHS=16383/16/63 LCHS=1024/255/63 0x00000000fffff800 sectors
00:00:07.969298 GUI: UIMachineViewNormal::resendSizeHint: Restoring guest size-hint for screen 0 to 800x600
00:00:07.971966 GUI: UIMachineLogicNormal::sltCheckForRequestedVisualStateType: Requested-state=1, Machine-state=6
00:00:07.977378 PIT: mode=2 count=0x48d3 (18643) - 64.00 Hz (ch=0)
00:00:07.993665 Display::i_handleDisplayResize: uScreenId=0 pvVRAM=000001ff197f0000 w=640 h=480 bpp=32 cbLine=0xA00 flags=0x0 origin=0,0
00:00:10.451042 PIT: mode=2 count=0x10000 (65536) - 18.20 Hz (ch=0)
00:00:10.451199 VMMDev: Guest Log: BIOS: Boot : bseqnr=1, bootseq=0231
00:00:10.451323 VMMDev: Guest Log: BIOS: Boot from Floppy 0 failed
00:00:10.451447 VMMDev: Guest Log: BIOS: Boot : bseqnr=2, bootseq=0023
00:00:10.451783 VMMDev: Guest Log: BIOS: CDROM boot failure code : 0003
00:00:10.451880 VMMDev: Guest Log: BIOS: Boot from CD-ROM failed
00:00:10.452011 VMMDev: Guest Log: BIOS: Boot : bseqnr=3, bootseq=0002
00:00:10.453071 VMMDev: Guest Log: BIOS: Booting from Hard Disk...
00:00:10.465890 Display::i_handleDisplayResize: uScreenId=0 pvVRAM=0000000000000000 w=720 h=400 bpp=0 cbLine=0x0 flags=0x0 origin=0,0
00:00:10.899955 Display::i_handleDisplayResize: uScreenId=0 pvVRAM=000001ff197f0000 w=640 h=480 bpp=32 cbLine=0xA00 flags=0x0 origin=0,0
00:00:17.166679 Display::i_handleDisplayResize: uScreenId=0 pvVRAM=000001ff197f0000 w=640 h=480 bpp=0 cbLine=0x280 flags=0x0 origin=0,0
00:00:17.187720 Display::i_handleDisplayResize: uScreenId=0 pvVRAM=0000000000000000 w=720 h=400 bpp=0 cbLine=0x0 flags=0x0 origin=0,0
00:00:18.063049 GIM: KVM: VCPU  0: Enabled system-time struct. at 0x000000004ea02000 - u32TscScale=0xaaf0b2f8 i8TscShift=-1 uVersion=2 fFlags=0x1 uTsc=0x7124163fc uVirtNanoTS=0x25c62bda0 TscKHz=2995198
00:00:18.063076 TM: Host/VM is not suitable for using TSC mode 'RealTSCOffset', request to change TSC mode ignored
00:00:18.104291 GIM: KVM: Enabled wall-clock struct. at 0x000000004ea01000 - u32Sec=1771022032 u32Nano=4000700 uVersion=2
00:00:18.298068 PIT: mode=2 count=0x4a9 (1193) - 1000.15 Hz (ch=0)
00:00:18.313958 MsrExit/0: 0010:ffffffff84ac79e7/LM: RDMSR 00000140 -> 00000000 / VERR_CPUM_RAISE_GP_0
00:00:18.477596 PIT: mode=0 count=0x10000 (65536) - 18.20 Hz (ch=0)
00:00:18.900488 OHCI: Software reset
00:00:18.906864 MsrExit/0: 0010:ffffffff84ac79e7/LM: RDMSR 0000064e -> 00000000 / VERR_CPUM_RAISE_GP_0
00:00:19.037590 PIIX3 ATA: Ctl#1: RESET, DevSel=0 AIOIf=0 CmdIf0=0xa0 (-1 usec ago) CmdIf1=0x00 (-1 usec ago)
00:00:19.037667 PIIX3 ATA: Ctl#1: finished processing RESET
00:00:19.117446 OHCI: USB Reset
00:00:19.176375 OHCI: Software reset
00:00:19.176758 OHCI: USB Operational
00:00:19.238649 OHCI: USB Suspended
00:00:19.239661 EHCI: Hardware reset
00:00:19.244755 EHCI: USB Operational
00:00:19.335375 EHCI: USB Suspended
00:00:19.433271 MsrExit/0: 0010:ffffffff84ac79e7/LM: RDMSR c0011029 -> 00000000 / VERR_CPUM_RAISE_GP_0
00:00:19.783776 AHCI#0: Reset the HBA
00:00:19.783797 VD#0: Cancelling all active requests
00:00:19.820938 AHCI#0: Port 0 reset
00:00:19.822120 VD#0: Cancelling all active requests
00:00:21.926072 AIOMgr: Async flushes not supported
00:00:22.374022 NAT: Link up
00:00:23.945212 VMMDev: Guest Log: vboxguest: host-version: 7.1.4r165100 0x8000000f
00:00:23.955835 VMMDev: Guest Additions information report: Version 6.0.0 r127566 '6.0.0'
00:00:23.956323 VMMDev: Guest Additions information report: Interface = 0x00010004 osType = 0x00053100 (Linux >= 2.6, 64-bit)
00:00:23.956548 GUI: UISession::sltAdditionsChange: GA state doesn't really changed, still notifying listeners.
00:00:23.956560 GUI: UIMachineLogicNormal::sltCheckForRequestedVisualStateType: Requested-state=1, Machine-state=6
00:00:23.967305 MsrExit/0: 0010:ffffffff84ac79e7/LM: RDMSR 00000619 -> 00000000 / VERR_CPUM_RAISE_GP_0
00:00:23.967363 MsrExit/0: 0010:ffffffff84ac79e7/LM: RDMSR 00000641 -> 00000000 / VERR_CPUM_RAISE_GP_0
00:00:23.967397 MsrExit/0: 0010:ffffffff84ac79e7/LM: RDMSR 0000064d -> 00000000 / VERR_CPUM_RAISE_GP_0
00:00:23.976483 VMMDev: Guest Additions capability report: (0x0 -> 0x0) seamless: no, hostWindowMapping: no, graphics: no
00:00:23.976590 VMMDev: vmmDevReqHandler_HeartbeatConfigure: No change (fHeartbeatActive=false)
00:00:23.976606 VMMDev: Heartbeat flatline timer set to trigger after 4 000 000 000 ns
00:00:23.976778 GUI: UISession::sltAdditionsChange: GA state doesn't really changed, still notifying listeners.
00:00:23.976795 GUI: UIMachineLogicNormal::sltCheckForRequestedVisualStateType: Requested-state=1, Machine-state=6
00:00:23.977159 VMMDev: Guest Log: vbg_heartbeat_init: Setting up heartbeat to trigger every 2000 milliseconds
00:00:23.993842 GUI: UISession::sltAdditionsChange: GA state really changed, notifying listeners.
00:00:23.993887 GUI: UIMachineViewNormal::adjustGuestScreenSize: Adjust guest-screen size if necessary
00:00:23.993901 GUI: UIMachineLogicNormal::sltCheckForRequestedVisualStateType: Requested-state=1, Machine-state=6
00:00:24.121729 MsrExit/0: 0010:ffffffff84ac79e7/LM: RDMSR 00000641 -> 00000000 / VERR_CPUM_RAISE_GP_0
00:00:24.121788 MsrExit/0: 0010:ffffffff84ac79e7/LM: RDMSR 00000619 -> 00000000 / VERR_CPUM_RAISE_GP_0
00:00:24.121829 MsrExit/0: 0010:ffffffff84ac79e7/LM: RDMSR 0000064d -> 00000000 / VERR_CPUM_RAISE_GP_0
00:00:24.129765 Enabling different vbva mode
00:00:24.136618 Display::i_handleDisplayResize: uScreenId=0 pvVRAM=000001ff19bd8000 w=1280 h=800 bpp=32 cbLine=0x1400 flags=0x1 origin=0,0
00:00:24.466035 AC97: Reset
00:00:24.466053 AC97: Mixer reset (EAID=0x809, EACS=0x9)
00:00:24.466057 AC97: Record select to left=mic, right=mic
00:00:24.466060 Audio Mixer: MUTING master volume of 'AC'97 Mixer' -- channel volumes: ff ff ff ff ff ff ff ff ff ff ff ff
00:00:24.466063 Audio Mixer: MUTING sink 'AC'97 Mixer/Line In' -- channel volumes: 00 00 00 00 00 00 00 00 00 00 00 00
00:00:24.466069 Audio Mixer: MUTING sink 'AC'97 Mixer/Microphone In' -- channel volumes: 00 00 00 00 00 00 00 00 00 00 00 00
00:00:24.466073 Audio Mixer: MUTING sink 'AC'97 Mixer/PCM Output' -- channel volumes: 00 00 00 00 00 00 00 00 00 00 00 00
00:00:24.466075 Audio Mixer: MUTING sink 'AC'97 Mixer/PCM Output' -- channel volumes: 00 00 00 00 00 00 00 00 00 00 00 00
00:00:24.466077 Audio Mixer: MUTING sink 'AC'97 Mixer/Line In' -- channel volumes: 00 00 00 00 00 00 00 00 00 00 00 00
00:00:24.466080 Audio Mixer: MUTING sink 'AC'97 Mixer/Line In' -- channel volumes: 00 00 00 00 00 00 00 00 00 00 00 00
00:00:24.466082 Audio Mixer: MUTING sink 'AC'97 Mixer/Microphone In' -- channel volumes: 00 00 00 00 00 00 00 00 00 00 00 00
00:00:24.467228 Audio Mixer: MUTING sink 'AC'97 Mixer/Line In' -- channel volumes: 00 00 00 00 00 00 00 00 00 00 00 00
00:00:24.467241 Audio Mixer: MUTING sink 'AC'97 Mixer/Line In' -- channel volumes: 00 00 00 00 00 00 00 00 00 00 00 00
00:00:24.467461 Audio Mixer: MUTING sink 'AC'97 Mixer/Line In' -- channel volumes: 00 00 00 00 00 00 00 00 00 00 00 00
00:00:24.467467 Audio Mixer: MUTING sink 'AC'97 Mixer/Line In' -- channel volumes: 00 00 00 00 00 00 00 00 00 00 00 00
00:00:24.467597 AC97: Reset
00:00:24.467600 AC97: Mixer reset (EAID=0x809, EACS=0x9)
00:00:24.467602 AC97: Record select to left=mic, right=mic
00:00:24.467604 Audio Mixer: MUTING master volume of 'AC'97 Mixer' -- channel volumes: ff ff ff ff ff ff ff ff ff ff ff ff
00:00:24.467607 Audio Mixer: MUTING sink 'AC'97 Mixer/Line In' -- channel volumes: 00 00 00 00 00 00 00 00 00 00 00 00
00:00:24.467609 Audio Mixer: MUTING sink 'AC'97 Mixer/Microphone In' -- channel volumes: 00 00 00 00 00 00 00 00 00 00 00 00
00:00:24.467612 Audio Mixer: MUTING sink 'AC'97 Mixer/PCM Output' -- channel volumes: 00 00 00 00 00 00 00 00 00 00 00 00
00:00:24.467614 Audio Mixer: MUTING sink 'AC'97 Mixer/PCM Output' -- channel volumes: 00 00 00 00 00 00 00 00 00 00 00 00
00:00:24.467616 Audio Mixer: MUTING sink 'AC'97 Mixer/Line In' -- channel volumes: 00 00 00 00 00 00 00 00 00 00 00 00
00:00:24.467618 Audio Mixer: MUTING sink 'AC'97 Mixer/Line In' -- channel volumes: 00 00 00 00 00 00 00 00 00 00 00 00
00:00:24.467620 Audio Mixer: MUTING sink 'AC'97 Mixer/Microphone In' -- channel volumes: 00 00 00 00 00 00 00 00 00 00 00 00
00:00:24.475162 Audio Mixer: Setting master volume of 'AC'97 Mixer' -- channel volumes: ff ff ff ff ff ff ff ff ff ff ff ff
00:00:24.475174 Audio Mixer: MUTING sink 'AC'97 Mixer/Line In' -- channel volumes: 00 00 00 00 00 00 00 00 00 00 00 00
00:00:24.475177 Audio Mixer: MUTING sink 'AC'97 Mixer/Microphone In' -- channel volumes: 00 00 00 00 00 00 00 00 00 00 00 00
00:00:24.475179 Audio Mixer: MUTING sink 'AC'97 Mixer/PCM Output' -- channel volumes: 00 00 00 00 00 00 00 00 00 00 00 00
00:00:24.476306 Audio Mixer: MUTING master volume of 'AC'97 Mixer' -- channel volumes: ff ff ff ff ff ff ff ff ff ff ff ff
00:00:24.476318 Audio Mixer: MUTING sink 'AC'97 Mixer/Line In' -- channel volumes: 00 00 00 00 00 00 00 00 00 00 00 00
00:00:24.476322 Audio Mixer: MUTING sink 'AC'97 Mixer/Microphone In' -- channel volumes: 00 00 00 00 00 00 00 00 00 00 00 00
00:00:24.476324 Audio Mixer: MUTING sink 'AC'97 Mixer/PCM Output' -- channel volumes: 00 00 00 00 00 00 00 00 00 00 00 00
00:00:24.476381 Audio Mixer: MUTING master volume of 'AC'97 Mixer' -- channel volumes: ff ff ff ff ff ff ff ff ff ff ff ff
00:00:24.476384 Audio Mixer: MUTING sink 'AC'97 Mixer/Line In' -- channel volumes: 00 00 00 00 00 00 00 00 00 00 00 00
00:00:24.476387 Audio Mixer: MUTING sink 'AC'97 Mixer/Microphone In' -- channel volumes: 00 00 00 00 00 00 00 00 00 00 00 00
00:00:24.476390 Audio Mixer: MUTING sink 'AC'97 Mixer/PCM Output' -- channel volumes: 00 00 00 00 00 00 00 00 00 00 00 00
00:00:24.476453 Audio Mixer: MUTING master volume of 'AC'97 Mixer' -- channel volumes: ff ff ff ff ff ff ff ff ff ff ff ff
00:00:24.476457 Audio Mixer: MUTING sink 'AC'97 Mixer/Line In' -- channel volumes: 00 00 00 00 00 00 00 00 00 00 00 00
00:00:24.476463 Audio Mixer: MUTING sink 'AC'97 Mixer/Microphone In' -- channel volumes: 00 00 00 00 00 00 00 00 00 00 00 00
00:00:24.476467 Audio Mixer: MUTING sink 'AC'97 Mixer/PCM Output' -- channel volumes: 00 00 00 00 00 00 00 00 00 00 00 00
00:00:24.476493 Audio Mixer: MUTING master volume of 'AC'97 Mixer' -- channel volumes: 83 83 83 83 83 83 83 83 83 83 83 83
00:00:24.476497 Audio Mixer: MUTING sink 'AC'97 Mixer/Line In' -- channel volumes: 00 00 00 00 00 00 00 00 00 00 00 00
00:00:24.476500 Audio Mixer: MUTING sink 'AC'97 Mixer/Microphone In' -- channel volumes: 00 00 00 00 00 00 00 00 00 00 00 00
00:00:24.476503 Audio Mixer: MUTING sink 'AC'97 Mixer/PCM Output' -- channel volumes: 00 00 00 00 00 00 00 00 00 00 00 00
00:00:24.476587 Audio Mixer: MUTING master volume of 'AC'97 Mixer' -- channel volumes: bf bf bf bf bf bf bf bf bf bf bf bf
00:00:24.476591 Audio Mixer: MUTING sink 'AC'97 Mixer/Line In' -- channel volumes: 00 00 00 00 00 00 00 00 00 00 00 00
00:00:24.476594 Audio Mixer: MUTING sink 'AC'97 Mixer/Microphone In' -- channel volumes: 00 00 00 00 00 00 00 00 00 00 00 00
00:00:24.476596 Audio Mixer: MUTING sink 'AC'97 Mixer/PCM Output' -- channel volumes: 00 00 00 00 00 00 00 00 00 00 00 00
00:00:24.476720 Audio Mixer: MUTING master volume of 'AC'97 Mixer' -- channel volumes: 83 83 83 83 83 83 83 83 83 83 83 83
00:00:24.476724 Audio Mixer: MUTING sink 'AC'97 Mixer/Line In' -- channel volumes: 00 00 00 00 00 00 00 00 00 00 00 00
00:00:24.476727 Audio Mixer: MUTING sink 'AC'97 Mixer/Microphone In' -- channel volumes: 00 00 00 00 00 00 00 00 00 00 00 00
00:00:24.476730 Audio Mixer: MUTING sink 'AC'97 Mixer/PCM Output' -- channel volumes: 00 00 00 00 00 00 00 00 00 00 00 00
00:00:24.481731 Audio Mixer: MUTING sink 'AC'97 Mixer/PCM Output' -- channel volumes: 00 00 00 00 00 00 00 00 00 00 00 00
00:00:24.481798 Audio Mixer: MUTING sink 'AC'97 Mixer/Line In' -- channel volumes: 00 00 00 00 00 00 00 00 00 00 00 00
00:00:24.481802 Audio Mixer: MUTING sink 'AC'97 Mixer/Line In' -- channel volumes: 00 00 00 00 00 00 00 00 00 00 00 00
00:00:24.481857 Audio Mixer: MUTING sink 'AC'97 Mixer/Line In' -- channel volumes: 00 00 00 00 00 00 00 00 00 00 00 00
00:00:24.481860 Audio Mixer: MUTING sink 'AC'97 Mixer/Line In' -- channel volumes: 00 00 00 00 00 00 00 00 00 00 00 00
00:00:24.481916 Audio Mixer: MUTING sink 'AC'97 Mixer/Line In' -- channel volumes: 00 00 00 00 00 00 00 00 00 00 00 00
00:00:24.481919 Audio Mixer: MUTING sink 'AC'97 Mixer/Line In' -- channel volumes: 00 00 00 00 00 00 00 00 00 00 00 00
00:00:24.481975 Audio Mixer: MUTING sink 'AC'97 Mixer/Line In' -- channel volumes: 00 00 00 00 00 00 00 00 00 00 00 00
00:00:24.481978 Audio Mixer: MUTING sink 'AC'97 Mixer/Line In' -- channel volumes: 00 00 00 00 00 00 00 00 00 00 00 00
00:00:24.482005 AC97: Record select to left=mic, right=mic
00:00:24.482030 Audio Mixer: MUTING sink 'AC'97 Mixer/Line In' -- channel volumes: 00 00 00 00 00 00 00 00 00 00 00 00
00:00:24.482034 Audio Mixer: MUTING sink 'AC'97 Mixer/Line In' -- channel volumes: 00 00 00 00 00 00 00 00 00 00 00 00
00:00:43.190377 VMMDev: Heartbeat checking timer has been stopped (rc=VINF_SUCCESS)
00:00:43.190545 VMMDev: Guest Additions capability report: (0x0 -> 0x0) seamless: no, hostWindowMapping: no, graphics: no
00:00:43.190733 GUI: UISession::sltAdditionsChange: GA state doesn't really changed, still notifying listeners.
00:00:43.190747 GUI: UIMachineLogicNormal::sltCheckForRequestedVisualStateType: Requested-state=1, Machine-state=6
00:00:43.209452 VMMDev: Guest Log: vboxguest: host-version: 7.1.4r165100 0x8000000f
00:00:43.209703 VMMDev: Guest Additions information report: Version 6.0.0 r127566 '6.0.0'
00:00:43.209755 VMMDev: Guest Additions capability report: (0x0 -> 0x0) seamless: no, hostWindowMapping: no, graphics: no
00:00:43.209814 VMMDev: vmmDevReqHandler_HeartbeatConfigure: No change (fHeartbeatActive=false)
00:00:43.209828 VMMDev: Heartbeat flatline timer set to trigger after 4 000 000 000 ns
00:00:43.209956 GUI: UISession::sltAdditionsChange: GA state doesn't really changed, still notifying listeners.
00:00:43.209983 GUI: UIMachineLogicNormal::sltCheckForRequestedVisualStateType: Requested-state=1, Machine-state=6
00:00:43.210385 VMMDev: Guest Log: vbg_heartbeat_init: Setting up heartbeat to trigger every 2000 milliseconds
00:00:43.210574 GUI: UISession::sltAdditionsChange: GA state doesn't really changed, still notifying listeners.
00:00:43.210584 GUI: UIMachineLogicNormal::sltCheckForRequestedVisualStateType: Requested-state=1, Machine-state=6
00:00:43.251806 VMMDev: Guest Log: 22:34:15.465370 main     VBoxService 7.2.6 r172322 (verbosity: 0) linux.amd64 (Jan 15 2026 17:07:07) release log
00:00:43.252088 VMMDev: Guest Log: 22:34:15.4653722:34:15.466397 main     OS Product: Linux
00:00:43.252166 VMMDev: Guest Log: 22:34:15.466496 main     OS Release: 6.8.0-100-generic
00:00:43.252254 VMMDev: Guest Log: 22:34:15.466561 main     OS Version: #100-Ubuntu SMP PREEMPT_DYNAMIC Tue Jan 13 16:40:06 UTC 2026
00:00:43.252571 VMMDev: Guest Log: 22:34:15.466867 main     Executable: /opt/VBoxGuestAdditions-7.2.6/sbin/VBoxService
00:00:43.252603 VMMDev: Guest Log: 22:34:15.466867 main     Process ID: 1237
00:00:43.253805 VMMDev: Guest Log: 222:34:15.468198 main     7.2.6 r172322 started. Verbose level = 0
00:00:43.256647 GUI: UISession::sltAdditionsChange: GA state doesn't really changed, still notifying listeners.
00:00:43.256664 GUI: UIMachineLogicNormal::sltCheckForRequestedVisualStateType: Requested-state=1, Machine-state=6
00:00:43.257558 VMMDev: Guest Log: 22:34:15.471861 main     vbglR3GuestCtrlDetectPeekGetCancelSupport: Supported (#1)
00:00:43.257692 Guest Control: GUEST_MSG_REPORT_FEATURES: 0x7f, 0x8000000000000000
00:00:43.259954 VMMDev: Guest Log: 22:34:15.474240 main     VBoxClient 7.2.6 r172322 (verbosity: 0) linux.amd64 (Jan 15 2026 17:07:10) release log
00:00:43.260041 VMMDev: Guest Log: 22:34:15.47424222:34:15.474372 main     OS Product: Linux
00:00:43.260242 VMMDev: Guest Log: 22:34:15.474431 main     OS Release: 6.8.0-100-generic
00:00:43.262747 VMMDev: Guest Log: 22:34:15.477035 main     OS Version: #100-Ubuntu SMP PREEMPT_DYNAMIC Tue Jan 13 16:40:06 UTC 2026
00:00:43.262845 VMMDev: Guest Log: 22:34:15.477153 main     Executable: /opt/VBoxGuestAdditions-7.2.6/bin/VBoxDRMClient
00:00:43.262877 VMMDev: Guest Log: 22:34:15.477153 main     Process ID: 1241
00:00:43.263074 VMMDev: Guest Log: 22:34:15.477378 main     VBoxDRMClient: found compatible device: /dev/dri/renderD128
00:00:43.263110 VMMDev: Guest Additions capability report: (0x0 -> 0x4) seamless: no, hostWindowMapping: no, graphics: yes
00:00:43.263247 GUI: UISession::sltAdditionsChange: GA state really changed, notifying listeners.
00:00:43.263275 GUI: UIMachineViewNormal::adjustGuestScreenSize: Adjust guest-screen size if necessary
00:00:43.263290 GUI: UIMachineLogicNormal::sltCheckForRequestedVisualStateType: Requested-state=1, Machine-state=6
00:00:43.264308 VMMDev: Guest Log: 22:34:15.478609 main     VBoxDRMClient: starting deferred resize events delivery
00:00:43.264620 GUI: UISession::sltAdditionsChange: GA state really changed, notifying listeners.
00:00:43.264658 GUI: UIMachineViewNormal::adjustGuestScreenSize: Adjust guest-screen size if necessary
00:00:43.264666 GUI: UIMachineLogicNormal::sltCheckForRequestedVisualStateType: Requested-state=1, Machine-state=6
00:00:43.266597 VMMDev: Guest Log: 22:34:15.480887 main     VBoxDRMClient: IPC server socket access granted to all users
